2022-04-19 09:04:49,980 [Worker-1: Loading available Gradle versions] INFO  o.e.b.c.i.u.g.PublishedGradleVersions - Gradle version information cache is up-to-date. Trying to read.
2022-04-19 09:05:50,763 [Worker-5: Building] INFO  o.e.m.c.i.l.LifecycleMappingFactory - Using org.maven.ide.eclipse.wtp.WarLifecycleMapping lifecycle mapping for MavenProject: com.batchbtr.btr:BusinessTripRequest:0.0.1-SNAPSHOT @ D:\Evosys\BTR\TECH9BTR\BusinessTripRequest\pom.xml.
2022-04-19 09:05:53,912 [Worker-5: Building] INFO  o.e.m.c.i.embedder.EclipseLogger - Using 'UTF-8' encoding to copy filtered resources.
2022-04-19 09:05:53,912 [Worker-5: Building] INFO  o.e.m.c.i.embedder.EclipseLogger - skip non existing resourceDirectory D:\Evosys\BTR\TECH9BTR\BusinessTripRequest\src\main\resources
2022-04-19 09:05:53,921 [Worker-5: Building] INFO  o.e.m.c.i.embedder.EclipseLogger - Using 'UTF-8' encoding to copy filtered resources.
2022-04-19 09:05:53,921 [Worker-5: Building] INFO  o.e.m.c.i.embedder.EclipseLogger - skip non existing resourceDirectory D:\Evosys\BTR\TECH9BTR\BusinessTripRequest\src\test\resources
2022-04-19 09:05:56,498 [Worker-7: Updating Maven Dependencies] INFO  o.e.m.c.i.l.LifecycleMappingFactory - Using org.maven.ide.eclipse.wtp.WarLifecycleMapping lifecycle mapping for MavenProject: com.batchbtr.btr:BusinessTripRequest:0.0.1-SNAPSHOT @ D:\Evosys\BTR\TECH9BTR\BusinessTripRequest\pom.xml.
2022-04-19 09:05:56,909 [Worker-5: Building] INFO  o.e.m.c.i.embedder.EclipseLogger - Using 'UTF-8' encoding to copy filtered resources.
2022-04-19 09:05:56,909 [Worker-5: Building] INFO  o.e.m.c.i.embedder.EclipseLogger - skip non existing resourceDirectory D:\Evosys\BTR\TECH9BTR\BusinessTripRequest\src\main\resources
2022-04-19 09:05:56,912 [Worker-5: Building] INFO  o.e.m.c.i.embedder.EclipseLogger - Using 'UTF-8' encoding to copy filtered resources.
2022-04-19 09:05:56,916 [Worker-5: Building] INFO  o.e.m.c.i.embedder.EclipseLogger - skip non existing resourceDirectory D:\Evosys\BTR\TECH9BTR\BusinessTripRequest\src\test\resources
2022-04-19 09:06:54,548 [Worker-9: Building] INFO  o.e.m.c.i.embedder.EclipseLogger - Using 'UTF-8' encoding to copy filtered resources.
2022-04-19 09:06:54,549 [Worker-9: Building] INFO  o.e.m.c.i.embedder.EclipseLogger - skip non existing resourceDirectory D:\Evosys\BTR\TECH9BTR\BusinessTripRequest\src\main\resources
2022-04-19 09:06:54,551 [Worker-9: Building] INFO  o.e.m.c.i.embedder.EclipseLogger - Using 'UTF-8' encoding to copy filtered resources.
2022-04-19 09:06:54,551 [Worker-9: Building] INFO  o.e.m.c.i.embedder.EclipseLogger - skip non existing resourceDirectory D:\Evosys\BTR\TECH9BTR\BusinessTripRequest\src\test\resources
2022-04-19 09:07:20,239 [Worker-8: Building] INFO  o.e.m.c.i.embedder.EclipseLogger - Using 'UTF-8' encoding to copy filtered resources.
2022-04-19 09:07:20,240 [Worker-8: Building] INFO  o.e.m.c.i.embedder.EclipseLogger - skip non existing resourceDirectory D:\Evosys\BTR\TECH9BTR\BusinessTripRequest\src\main\resources
2022-04-19 09:07:20,241 [Worker-8: Building] INFO  o.e.m.c.i.embedder.EclipseLogger - Using 'UTF-8' encoding to copy filtered resources.
2022-04-19 09:07:20,242 [Worker-8: Building] INFO  o.e.m.c.i.embedder.EclipseLogger - skip non existing resourceDirectory D:\Evosys\BTR\TECH9BTR\BusinessTripRequest\src\test\resources
2022-04-19 09:09:30,078 [Worker-9: Building] INFO  o.e.m.c.i.embedder.EclipseLogger - Using 'UTF-8' encoding to copy filtered resources.
2022-04-19 09:09:30,078 [Worker-9: Building] INFO  o.e.m.c.i.embedder.EclipseLogger - skip non existing resourceDirectory D:\Evosys\BTR\TECH9BTR\BusinessTripRequest\src\main\resources
2022-04-19 09:09:30,080 [Worker-9: Building] INFO  o.e.m.c.i.embedder.EclipseLogger - Using 'UTF-8' encoding to copy filtered resources.
2022-04-19 09:09:30,080 [Worker-9: Building] INFO  o.e.m.c.i.embedder.EclipseLogger - skip non existing resourceDirectory D:\Evosys\BTR\TECH9BTR\BusinessTripRequest\src\test\resources
2022-04-19 09:10:26,221 [Worker-1: Building] INFO  o.e.m.c.i.embedder.EclipseLogger - Using 'UTF-8' encoding to copy filtered resources.
2022-04-19 09:10:26,221 [Worker-1: Building] INFO  o.e.m.c.i.embedder.EclipseLogger - skip non existing resourceDirectory D:\Evosys\BTR\TECH9BTR\BusinessTripRequest\src\main\resources
2022-04-19 09:10:26,223 [Worker-1: Building] INFO  o.e.m.c.i.embedder.EclipseLogger - Using 'UTF-8' encoding to copy filtered resources.
2022-04-19 09:10:26,223 [Worker-1: Building] INFO  o.e.m.c.i.embedder.EclipseLogger - skip non existing resourceDirectory D:\Evosys\BTR\TECH9BTR\BusinessTripRequest\src\test\resources
2022-04-19 09:10:31,259 [Worker-5: Building] INFO  o.e.m.c.i.embedder.EclipseLogger - Using 'UTF-8' encoding to copy filtered resources.
2022-04-19 09:10:31,259 [Worker-5: Building] INFO  o.e.m.c.i.embedder.EclipseLogger - skip non existing resourceDirectory D:\Evosys\BTR\TECH9BTR\BusinessTripRequest\src\main\resources
2022-04-19 09:10:31,262 [Worker-5: Building] INFO  o.e.m.c.i.embedder.EclipseLogger - Using 'UTF-8' encoding to copy filtered resources.
2022-04-19 09:10:31,262 [Worker-5: Building] INFO  o.e.m.c.i.embedder.EclipseLogger - skip non existing resourceDirectory D:\Evosys\BTR\TECH9BTR\BusinessTripRequest\src\test\resources
2022-04-19 09:10:36,725 [Worker-6: Building] INFO  o.e.m.c.i.embedder.EclipseLogger - Using 'UTF-8' encoding to copy filtered resources.
2022-04-19 09:10:36,727 [Worker-6: Building] INFO  o.e.m.c.i.embedder.EclipseLogger - skip non existing resourceDirectory D:\Evosys\BTR\TECH9BTR\BusinessTripRequest\src\main\resources
2022-04-19 09:10:36,731 [Worker-6: Building] INFO  o.e.m.c.i.embedder.EclipseLogger - Using 'UTF-8' encoding to copy filtered resources.
2022-04-19 09:10:36,732 [Worker-6: Building] INFO  o.e.m.c.i.embedder.EclipseLogger - skip non existing resourceDirectory D:\Evosys\BTR\TECH9BTR\BusinessTripRequest\src\test\resources
2022-04-19 09:10:41,263 [Worker-3: Building] INFO  o.e.m.c.i.embedder.EclipseLogger - Using 'UTF-8' encoding to copy filtered resources.
2022-04-19 09:10:41,263 [Worker-3: Building] INFO  o.e.m.c.i.embedder.EclipseLogger - skip non existing resourceDirectory D:\Evosys\BTR\TECH9BTR\BusinessTripRequest\src\main\resources
2022-04-19 09:10:41,265 [Worker-3: Building] INFO  o.e.m.c.i.embedder.EclipseLogger - Using 'UTF-8' encoding to copy filtered resources.
2022-04-19 09:10:41,265 [Worker-3: Building] INFO  o.e.m.c.i.embedder.EclipseLogger - skip non existing resourceDirectory D:\Evosys\BTR\TECH9BTR\BusinessTripRequest\src\test\resources
2022-04-19 09:10:53,119 [Worker-1: Building] INFO  o.e.m.c.i.embedder.EclipseLogger - Using 'UTF-8' encoding to copy filtered resources.
2022-04-19 09:10:53,119 [Worker-1: Building] INFO  o.e.m.c.i.embedder.EclipseLogger - skip non existing resourceDirectory D:\Evosys\BTR\TECH9BTR\BusinessTripRequest\src\main\resources
2022-04-19 09:10:53,121 [Worker-1: Building] INFO  o.e.m.c.i.embedder.EclipseLogger - Using 'UTF-8' encoding to copy filtered resources.
2022-04-19 09:10:53,121 [Worker-1: Building] INFO  o.e.m.c.i.embedder.EclipseLogger - skip non existing resourceDirectory D:\Evosys\BTR\TECH9BTR\BusinessTripRequest\src\test\resources
2022-04-19 09:11:11,757 [Worker-7: Building] INFO  o.e.m.c.i.embedder.EclipseLogger - Using 'UTF-8' encoding to copy filtered resources.
2022-04-19 09:11:11,758 [Worker-7: Building] INFO  o.e.m.c.i.embedder.EclipseLogger - skip non existing resourceDirectory D:\Evosys\BTR\TECH9BTR\BusinessTripRequest\src\main\resources
2022-04-19 09:11:11,760 [Worker-7: Building] INFO  o.e.m.c.i.embedder.EclipseLogger - Using 'UTF-8' encoding to copy filtered resources.
2022-04-19 09:11:11,760 [Worker-7: Building] INFO  o.e.m.c.i.embedder.EclipseLogger - skip non existing resourceDirectory D:\Evosys\BTR\TECH9BTR\BusinessTripRequest\src\test\resources
2022-04-19 09:15:13,538 [Worker-9: Building] INFO  o.e.m.c.i.embedder.EclipseLogger - Using 'UTF-8' encoding to copy filtered resources.
2022-04-19 09:15:13,539 [Worker-9: Building] INFO  o.e.m.c.i.embedder.EclipseLogger - skip non existing resourceDirectory D:\Evosys\BTR\TECH9BTR\BusinessTripRequest\src\main\resources
2022-04-19 09:15:13,541 [Worker-9: Building] INFO  o.e.m.c.i.embedder.EclipseLogger - Using 'UTF-8' encoding to copy filtered resources.
2022-04-19 09:15:13,542 [Worker-9: Building] INFO  o.e.m.c.i.embedder.EclipseLogger - skip non existing resourceDirectory D:\Evosys\BTR\TECH9BTR\BusinessTripRequest\src\test\resources
2022-04-19 09:17:44,195 [Worker-6: Building] INFO  o.e.m.c.i.embedder.EclipseLogger - Using 'UTF-8' encoding to copy filtered resources.
2022-04-19 09:17:44,196 [Worker-6: Building] INFO  o.e.m.c.i.embedder.EclipseLogger - skip non existing resourceDirectory D:\Evosys\BTR\TECH9BTR\BusinessTripRequest\src\main\resources
2022-04-19 09:17:44,200 [Worker-6: Building] INFO  o.e.m.c.i.embedder.EclipseLogger - Using 'UTF-8' encoding to copy filtered resources.
2022-04-19 09:17:44,200 [Worker-6: Building] INFO  o.e.m.c.i.embedder.EclipseLogger - skip non existing resourceDirectory D:\Evosys\BTR\TECH9BTR\BusinessTripRequest\src\test\resources
2022-04-19 09:19:40,906 [Worker-18: Building] INFO  o.e.m.c.i.embedder.EclipseLogger - Using 'UTF-8' encoding to copy filtered resources.
2022-04-19 09:19:40,907 [Worker-18: Building] INFO  o.e.m.c.i.embedder.EclipseLogger - skip non existing resourceDirectory D:\Evosys\BTR\TECH9BTR\BusinessTripRequest\src\main\resources
2022-04-19 09:19:40,908 [Worker-18: Building] INFO  o.e.m.c.i.embedder.EclipseLogger - Using 'UTF-8' encoding to copy filtered resources.
2022-04-19 09:19:40,909 [Worker-18: Building] INFO  o.e.m.c.i.embedder.EclipseLogger - skip non existing resourceDirectory D:\Evosys\BTR\TECH9BTR\BusinessTripRequest\src\test\resources
2022-04-19 09:19:41,989 [Worker-20: Building] INFO  o.e.m.c.i.embedder.EclipseLogger - Using 'UTF-8' encoding to copy filtered resources.
2022-04-19 09:19:41,990 [Worker-20: Building] INFO  o.e.m.c.i.embedder.EclipseLogger - skip non existing resourceDirectory D:\Evosys\BTR\TECH9BTR\BusinessTripRequest\src\main\resources
2022-04-19 09:19:41,993 [Worker-20: Building] INFO  o.e.m.c.i.embedder.EclipseLogger - Using 'UTF-8' encoding to copy filtered resources.
2022-04-19 09:19:41,994 [Worker-20: Building] INFO  o.e.m.c.i.embedder.EclipseLogger - skip non existing resourceDirectory D:\Evosys\BTR\TECH9BTR\BusinessTripRequest\src\test\resources
2022-04-19 09:26:59,379 [Worker-21: Building] INFO  o.e.m.c.i.embedder.EclipseLogger - Using 'UTF-8' encoding to copy filtered resources.
2022-04-19 09:26:59,379 [Worker-21: Building] INFO  o.e.m.c.i.embedder.EclipseLogger - skip non existing resourceDirectory D:\Evosys\BTR\TECH9BTR\BusinessTripRequest\src\main\resources
2022-04-19 09:26:59,382 [Worker-21: Building] INFO  o.e.m.c.i.embedder.EclipseLogger - Using 'UTF-8' encoding to copy filtered resources.
2022-04-19 09:26:59,382 [Worker-21: Building] INFO  o.e.m.c.i.embedder.EclipseLogger - skip non existing resourceDirectory D:\Evosys\BTR\TECH9BTR\BusinessTripRequest\src\test\resources
2022-04-19 09:31:24,595 [Worker-18: Building] INFO  o.e.m.c.i.embedder.EclipseLogger - Using 'UTF-8' encoding to copy filtered resources.
2022-04-19 09:31:24,595 [Worker-18: Building] INFO  o.e.m.c.i.embedder.EclipseLogger - skip non existing resourceDirectory D:\Evosys\BTR\TECH9BTR\BusinessTripRequest\src\main\resources
2022-04-19 09:31:24,597 [Worker-18: Building] INFO  o.e.m.c.i.embedder.EclipseLogger - Using 'UTF-8' encoding to copy filtered resources.
2022-04-19 09:31:24,597 [Worker-18: Building] INFO  o.e.m.c.i.embedder.EclipseLogger - skip non existing resourceDirectory D:\Evosys\BTR\TECH9BTR\BusinessTripRequest\src\test\resources
2022-04-19 09:33:51,497 [Worker-23: Building] INFO  o.e.m.c.i.embedder.EclipseLogger - Using 'UTF-8' encoding to copy filtered resources.
2022-04-19 09:33:51,498 [Worker-23: Building] INFO  o.e.m.c.i.embedder.EclipseLogger - skip non existing resourceDirectory D:\Evosys\BTR\TECH9BTR\BusinessTripRequest\src\main\resources
2022-04-19 09:33:51,501 [Worker-23: Building] INFO  o.e.m.c.i.embedder.EclipseLogger - Using 'UTF-8' encoding to copy filtered resources.
2022-04-19 09:33:51,501 [Worker-23: Building] INFO  o.e.m.c.i.embedder.EclipseLogger - skip non existing resourceDirectory D:\Evosys\BTR\TECH9BTR\BusinessTripRequest\src\test\resources
2022-04-19 09:35:54,499 [Worker-31: Building] INFO  o.e.m.c.i.embedder.EclipseLogger - Using 'UTF-8' encoding to copy filtered resources.
2022-04-19 09:35:54,499 [Worker-31: Building] INFO  o.e.m.c.i.embedder.EclipseLogger - skip non existing resourceDirectory D:\Evosys\BTR\TECH9BTR\BusinessTripRequest\src\main\resources
2022-04-19 09:35:54,500 [Worker-31: Building] INFO  o.e.m.c.i.embedder.EclipseLogger - Using 'UTF-8' encoding to copy filtered resources.
2022-04-19 09:35:54,500 [Worker-31: Building] INFO  o.e.m.c.i.embedder.EclipseLogger - skip non existing resourceDirectory D:\Evosys\BTR\TECH9BTR\BusinessTripRequest\src\test\resources
2022-04-19 09:38:48,694 [Worker-33: Building] INFO  o.e.m.c.i.embedder.EclipseLogger - Using 'UTF-8' encoding to copy filtered resources.
2022-04-19 09:38:48,695 [Worker-33: Building] INFO  o.e.m.c.i.embedder.EclipseLogger - skip non existing resourceDirectory D:\Evosys\BTR\TECH9BTR\BusinessTripRequest\src\main\resources
2022-04-19 09:38:48,697 [Worker-33: Building] INFO  o.e.m.c.i.embedder.EclipseLogger - Using 'UTF-8' encoding to copy filtered resources.
2022-04-19 09:38:48,698 [Worker-33: Building] INFO  o.e.m.c.i.embedder.EclipseLogger - skip non existing resourceDirectory D:\Evosys\BTR\TECH9BTR\BusinessTripRequest\src\test\resources
2022-04-19 09:40:24,219 [Worker-32: Building] INFO  o.e.m.c.i.embedder.EclipseLogger - Using 'UTF-8' encoding to copy filtered resources.
2022-04-19 09:40:24,219 [Worker-32: Building] INFO  o.e.m.c.i.embedder.EclipseLogger - skip non existing resourceDirectory D:\Evosys\BTR\TECH9BTR\BusinessTripRequest\src\main\resources
2022-04-19 09:40:24,221 [Worker-32: Building] INFO  o.e.m.c.i.embedder.EclipseLogger - Using 'UTF-8' encoding to copy filtered resources.
2022-04-19 09:40:24,221 [Worker-32: Building] INFO  o.e.m.c.i.embedder.EclipseLogger - skip non existing resourceDirectory D:\Evosys\BTR\TECH9BTR\BusinessTripRequest\src\test\resources
2022-04-19 09:40:47,747 [Worker-35: Building] INFO  o.e.m.c.i.embedder.EclipseLogger - Using 'UTF-8' encoding to copy filtered resources.
2022-04-19 09:40:47,747 [Worker-35: Building] INFO  o.e.m.c.i.embedder.EclipseLogger - skip non existing resourceDirectory D:\Evosys\BTR\TECH9BTR\BusinessTripRequest\src\main\resources
2022-04-19 09:40:47,749 [Worker-35: Building] INFO  o.e.m.c.i.embedder.EclipseLogger - Using 'UTF-8' encoding to copy filtered resources.
2022-04-19 09:40:47,749 [Worker-35: Building] INFO  o.e.m.c.i.embedder.EclipseLogger - skip non existing resourceDirectory D:\Evosys\BTR\TECH9BTR\BusinessTripRequest\src\test\resources
2022-04-19 09:41:10,111 [Worker-31: Building] INFO  o.e.m.c.i.embedder.EclipseLogger - Using 'UTF-8' encoding to copy filtered resources.
2022-04-19 09:41:10,111 [Worker-31: Building] INFO  o.e.m.c.i.embedder.EclipseLogger - skip non existing resourceDirectory D:\Evosys\BTR\TECH9BTR\BusinessTripRequest\src\main\resources
2022-04-19 09:41:10,113 [Worker-31: Building] INFO  o.e.m.c.i.embedder.EclipseLogger - Using 'UTF-8' encoding to copy filtered resources.
2022-04-19 09:41:10,113 [Worker-31: Building] INFO  o.e.m.c.i.embedder.EclipseLogger - skip non existing resourceDirectory D:\Evosys\BTR\TECH9BTR\BusinessTripRequest\src\test\resources
2022-04-19 09:41:48,246 [Worker-35: Building] INFO  o.e.m.c.i.embedder.EclipseLogger - Using 'UTF-8' encoding to copy filtered resources.
2022-04-19 09:41:48,246 [Worker-35: Building] INFO  o.e.m.c.i.embedder.EclipseLogger - skip non existing resourceDirectory D:\Evosys\BTR\TECH9BTR\BusinessTripRequest\src\main\resources
2022-04-19 09:41:48,247 [Worker-35: Building] INFO  o.e.m.c.i.embedder.EclipseLogger - Using 'UTF-8' encoding to copy filtered resources.
2022-04-19 09:41:48,248 [Worker-35: Building] INFO  o.e.m.c.i.embedder.EclipseLogger - skip non existing resourceDirectory D:\Evosys\BTR\TECH9BTR\BusinessTripRequest\src\test\resources
2022-04-19 09:48:42,778 [Worker-40: Building] INFO  o.e.m.c.i.embedder.EclipseLogger - Using 'UTF-8' encoding to copy filtered resources.
2022-04-19 09:48:42,778 [Worker-40: Building] INFO  o.e.m.c.i.embedder.EclipseLogger - skip non existing resourceDirectory D:\Evosys\BTR\TECH9BTR\BusinessTripRequest\src\main\resources
2022-04-19 09:48:42,779 [Worker-40: Building] INFO  o.e.m.c.i.embedder.EclipseLogger - Using 'UTF-8' encoding to copy filtered resources.
2022-04-19 09:48:42,780 [Worker-40: Building] INFO  o.e.m.c.i.embedder.EclipseLogger - skip non existing resourceDirectory D:\Evosys\BTR\TECH9BTR\BusinessTripRequest\src\test\resources
2022-04-19 09:49:08,250 [Worker-38: Building] INFO  o.e.m.c.i.embedder.EclipseLogger - Using 'UTF-8' encoding to copy filtered resources.
2022-04-19 09:49:08,250 [Worker-38: Building] INFO  o.e.m.c.i.embedder.EclipseLogger - skip non existing resourceDirectory D:\Evosys\BTR\TECH9BTR\BusinessTripRequest\src\main\resources
2022-04-19 09:49:08,252 [Worker-38: Building] INFO  o.e.m.c.i.embedder.EclipseLogger - Using 'UTF-8' encoding to copy filtered resources.
2022-04-19 09:49:08,252 [Worker-38: Building] INFO  o.e.m.c.i.embedder.EclipseLogger - skip non existing resourceDirectory D:\Evosys\BTR\TECH9BTR\BusinessTripRequest\src\test\resources
2022-04-19 09:49:51,493 [Worker-18: Building] INFO  o.e.m.c.i.embedder.EclipseLogger - Using 'UTF-8' encoding to copy filtered resources.
2022-04-19 09:49:51,494 [Worker-18: Building] INFO  o.e.m.c.i.embedder.EclipseLogger - skip non existing resourceDirectory D:\Evosys\BTR\TECH9BTR\BusinessTripRequest\src\main\resources
2022-04-19 09:49:51,495 [Worker-18: Building] INFO  o.e.m.c.i.embedder.EclipseLogger - Using 'UTF-8' encoding to copy filtered resources.
2022-04-19 09:49:51,496 [Worker-18: Building] INFO  o.e.m.c.i.embedder.EclipseLogger - skip non existing resourceDirectory D:\Evosys\BTR\TECH9BTR\BusinessTripRequest\src\test\resources
2022-04-19 09:59:09,024 [Worker-36: Building] INFO  o.e.m.c.i.embedder.EclipseLogger - Using 'UTF-8' encoding to copy filtered resources.
2022-04-19 09:59:09,025 [Worker-36: Building] INFO  o.e.m.c.i.embedder.EclipseLogger - skip non existing resourceDirectory D:\Evosys\BTR\TECH9BTR\BusinessTripRequest\src\main\resources
2022-04-19 09:59:09,026 [Worker-36: Building] INFO  o.e.m.c.i.embedder.EclipseLogger - Using 'UTF-8' encoding to copy filtered resources.
2022-04-19 09:59:09,026 [Worker-36: Building] INFO  o.e.m.c.i.embedder.EclipseLogger - skip non existing resourceDirectory D:\Evosys\BTR\TECH9BTR\BusinessTripRequest\src\test\resources
2022-04-19 09:59:21,664 [Worker-36: Building] INFO  o.e.m.c.i.embedder.EclipseLogger - Using 'UTF-8' encoding to copy filtered resources.
2022-04-19 09:59:21,665 [Worker-36: Building] INFO  o.e.m.c.i.embedder.EclipseLogger - skip non existing resourceDirectory D:\Evosys\BTR\TECH9BTR\BusinessTripRequest\src\main\resources
2022-04-19 09:59:21,666 [Worker-36: Building] INFO  o.e.m.c.i.embedder.EclipseLogger - Using 'UTF-8' encoding to copy filtered resources.
2022-04-19 09:59:21,666 [Worker-36: Building] INFO  o.e.m.c.i.embedder.EclipseLogger - skip non existing resourceDirectory D:\Evosys\BTR\TECH9BTR\BusinessTripRequest\src\test\resources
2022-04-19 09:59:59,604 [Worker-36: Building] INFO  o.e.m.c.i.embedder.EclipseLogger - Using 'UTF-8' encoding to copy filtered resources.
2022-04-19 09:59:59,604 [Worker-36: Building] INFO  o.e.m.c.i.embedder.EclipseLogger - skip non existing resourceDirectory D:\Evosys\BTR\TECH9BTR\BusinessTripRequest\src\main\resources
2022-04-19 09:59:59,606 [Worker-36: Building] INFO  o.e.m.c.i.embedder.EclipseLogger - Using 'UTF-8' encoding to copy filtered resources.
2022-04-19 09:59:59,606 [Worker-36: Building] INFO  o.e.m.c.i.embedder.EclipseLogger - skip non existing resourceDirectory D:\Evosys\BTR\TECH9BTR\BusinessTripRequest\src\test\resources
2022-04-19 10:01:19,860 [Worker-36: Building] INFO  o.e.m.c.i.embedder.EclipseLogger - Using 'UTF-8' encoding to copy filtered resources.
2022-04-19 10:01:19,861 [Worker-36: Building] INFO  o.e.m.c.i.embedder.EclipseLogger - skip non existing resourceDirectory D:\Evosys\BTR\TECH9BTR\BusinessTripRequest\src\main\resources
2022-04-19 10:01:19,862 [Worker-36: Building] INFO  o.e.m.c.i.embedder.EclipseLogger - Using 'UTF-8' encoding to copy filtered resources.
2022-04-19 10:01:19,862 [Worker-36: Building] INFO  o.e.m.c.i.embedder.EclipseLogger - skip non existing resourceDirectory D:\Evosys\BTR\TECH9BTR\BusinessTripRequest\src\test\resources
2022-04-19 10:01:29,015 [Worker-42: Building] INFO  o.e.m.c.i.embedder.EclipseLogger - Using 'UTF-8' encoding to copy filtered resources.
2022-04-19 10:01:29,016 [Worker-42: Building] INFO  o.e.m.c.i.embedder.EclipseLogger - skip non existing resourceDirectory D:\Evosys\BTR\TECH9BTR\BusinessTripRequest\src\main\resources
2022-04-19 10:01:29,017 [Worker-42: Building] INFO  o.e.m.c.i.embedder.EclipseLogger - Using 'UTF-8' encoding to copy filtered resources.
2022-04-19 10:01:29,017 [Worker-42: Building] INFO  o.e.m.c.i.embedder.EclipseLogger - skip non existing resourceDirectory D:\Evosys\BTR\TECH9BTR\BusinessTripRequest\src\test\resources
2022-04-19 10:01:42,606 [Worker-43: Building] INFO  o.e.m.c.i.embedder.EclipseLogger - Using 'UTF-8' encoding to copy filtered resources.
2022-04-19 10:01:42,607 [Worker-43: Building] INFO  o.e.m.c.i.embedder.EclipseLogger - skip non existing resourceDirectory D:\Evosys\BTR\TECH9BTR\BusinessTripRequest\src\main\resources
2022-04-19 10:01:42,609 [Worker-43: Building] INFO  o.e.m.c.i.embedder.EclipseLogger - Using 'UTF-8' encoding to copy filtered resources.
2022-04-19 10:01:42,609 [Worker-43: Building] INFO  o.e.m.c.i.embedder.EclipseLogger - skip non existing resourceDirectory D:\Evosys\BTR\TECH9BTR\BusinessTripRequest\src\test\resources
2022-04-19 10:02:16,374 [Worker-36: Building] INFO  o.e.m.c.i.embedder.EclipseLogger - Using 'UTF-8' encoding to copy filtered resources.
2022-04-19 10:02:16,374 [Worker-36: Building] INFO  o.e.m.c.i.embedder.EclipseLogger - skip non existing resourceDirectory D:\Evosys\BTR\TECH9BTR\BusinessTripRequest\src\main\resources
2022-04-19 10:02:16,376 [Worker-36: Building] INFO  o.e.m.c.i.embedder.EclipseLogger - Using 'UTF-8' encoding to copy filtered resources.
2022-04-19 10:02:16,376 [Worker-36: Building] INFO  o.e.m.c.i.embedder.EclipseLogger - skip non existing resourceDirectory D:\Evosys\BTR\TECH9BTR\BusinessTripRequest\src\test\resources
2022-04-19 10:05:37,643 [Worker-44: Building] INFO  o.e.m.c.i.embedder.EclipseLogger - Using 'UTF-8' encoding to copy filtered resources.
2022-04-19 10:05:37,643 [Worker-44: Building] INFO  o.e.m.c.i.embedder.EclipseLogger - skip non existing resourceDirectory D:\Evosys\BTR\TECH9BTR\BusinessTripRequest\src\main\resources
2022-04-19 10:05:37,644 [Worker-44: Building] INFO  o.e.m.c.i.embedder.EclipseLogger - Using 'UTF-8' encoding to copy filtered resources.
2022-04-19 10:05:37,645 [Worker-44: Building] INFO  o.e.m.c.i.embedder.EclipseLogger - skip non existing resourceDirectory D:\Evosys\BTR\TECH9BTR\BusinessTripRequest\src\test\resources
2022-04-19 10:07:12,421 [Worker-47: Building] INFO  o.e.m.c.i.embedder.EclipseLogger - Using 'UTF-8' encoding to copy filtered resources.
2022-04-19 10:07:12,421 [Worker-47: Building] INFO  o.e.m.c.i.embedder.EclipseLogger - skip non existing resourceDirectory D:\Evosys\BTR\TECH9BTR\BusinessTripRequest\src\main\resources
2022-04-19 10:07:12,422 [Worker-47: Building] INFO  o.e.m.c.i.embedder.EclipseLogger - Using 'UTF-8' encoding to copy filtered resources.
2022-04-19 10:07:12,423 [Worker-47: Building] INFO  o.e.m.c.i.embedder.EclipseLogger - skip non existing resourceDirectory D:\Evosys\BTR\TECH9BTR\BusinessTripRequest\src\test\resources
2022-04-19 10:07:46,327 [Worker-47: Building] INFO  o.e.m.c.i.embedder.EclipseLogger - Using 'UTF-8' encoding to copy filtered resources.
2022-04-19 10:07:46,327 [Worker-47: Building] INFO  o.e.m.c.i.embedder.EclipseLogger - skip non existing resourceDirectory D:\Evosys\BTR\TECH9BTR\BusinessTripRequest\src\main\resources
2022-04-19 10:07:46,329 [Worker-47: Building] INFO  o.e.m.c.i.embedder.EclipseLogger - Using 'UTF-8' encoding to copy filtered resources.
2022-04-19 10:07:46,329 [Worker-47: Building] INFO  o.e.m.c.i.embedder.EclipseLogger - skip non existing resourceDirectory D:\Evosys\BTR\TECH9BTR\BusinessTripRequest\src\test\resources
2022-04-19 10:08:07,570 [Worker-47: Building] INFO  o.e.m.c.i.embedder.EclipseLogger - Using 'UTF-8' encoding to copy filtered resources.
2022-04-19 10:08:07,571 [Worker-47: Building] INFO  o.e.m.c.i.embedder.EclipseLogger - skip non existing resourceDirectory D:\Evosys\BTR\TECH9BTR\BusinessTripRequest\src\main\resources
2022-04-19 10:08:07,572 [Worker-47: Building] INFO  o.e.m.c.i.embedder.EclipseLogger - Using 'UTF-8' encoding to copy filtered resources.
2022-04-19 10:08:07,572 [Worker-47: Building] INFO  o.e.m.c.i.embedder.EclipseLogger - skip non existing resourceDirectory D:\Evosys\BTR\TECH9BTR\BusinessTripRequest\src\test\resources
2022-04-19 10:08:52,292 [Worker-48: Building] INFO  o.e.m.c.i.embedder.EclipseLogger - Using 'UTF-8' encoding to copy filtered resources.
2022-04-19 10:08:52,293 [Worker-48: Building] INFO  o.e.m.c.i.embedder.EclipseLogger - skip non existing resourceDirectory D:\Evosys\BTR\TECH9BTR\BusinessTripRequest\src\main\resources
2022-04-19 10:08:52,294 [Worker-48: Building] INFO  o.e.m.c.i.embedder.EclipseLogger - Using 'UTF-8' encoding to copy filtered resources.
2022-04-19 10:08:52,294 [Worker-48: Building] INFO  o.e.m.c.i.embedder.EclipseLogger - skip non existing resourceDirectory D:\Evosys\BTR\TECH9BTR\BusinessTripRequest\src\test\resources
2022-04-19 10:08:58,992 [Worker-49: Building] INFO  o.e.m.c.i.embedder.EclipseLogger - Using 'UTF-8' encoding to copy filtered resources.
2022-04-19 10:08:58,992 [Worker-49: Building] INFO  o.e.m.c.i.embedder.EclipseLogger - skip non existing resourceDirectory D:\Evosys\BTR\TECH9BTR\BusinessTripRequest\src\main\resources
2022-04-19 10:08:58,994 [Worker-49: Building] INFO  o.e.m.c.i.embedder.EclipseLogger - Using 'UTF-8' encoding to copy filtered resources.
2022-04-19 10:08:58,995 [Worker-49: Building] INFO  o.e.m.c.i.embedder.EclipseLogger - skip non existing resourceDirectory D:\Evosys\BTR\TECH9BTR\BusinessTripRequest\src\test\resources
2022-04-19 10:09:18,262 [Worker-49: Building] INFO  o.e.m.c.i.embedder.EclipseLogger - Using 'UTF-8' encoding to copy filtered resources.
2022-04-19 10:09:18,262 [Worker-49: Building] INFO  o.e.m.c.i.embedder.EclipseLogger - skip non existing resourceDirectory D:\Evosys\BTR\TECH9BTR\BusinessTripRequest\src\main\resources
2022-04-19 10:09:18,264 [Worker-49: Building] INFO  o.e.m.c.i.embedder.EclipseLogger - Using 'UTF-8' encoding to copy filtered resources.
2022-04-19 10:09:18,264 [Worker-49: Building] INFO  o.e.m.c.i.embedder.EclipseLogger - skip non existing resourceDirectory D:\Evosys\BTR\TECH9BTR\BusinessTripRequest\src\test\resources
2022-04-19 10:09:35,204 [Worker-45: Building] INFO  o.e.m.c.i.embedder.EclipseLogger - Using 'UTF-8' encoding to copy filtered resources.
2022-04-19 10:09:35,205 [Worker-45: Building] INFO  o.e.m.c.i.embedder.EclipseLogger - skip non existing resourceDirectory D:\Evosys\BTR\TECH9BTR\BusinessTripRequest\src\main\resources
2022-04-19 10:09:35,208 [Worker-45: Building] INFO  o.e.m.c.i.embedder.EclipseLogger - Using 'UTF-8' encoding to copy filtered resources.
2022-04-19 10:09:35,208 [Worker-45: Building] INFO  o.e.m.c.i.embedder.EclipseLogger - skip non existing resourceDirectory D:\Evosys\BTR\TECH9BTR\BusinessTripRequest\src\test\resources
2022-04-19 10:09:48,258 [Worker-50: Building] INFO  o.e.m.c.i.embedder.EclipseLogger - Using 'UTF-8' encoding to copy filtered resources.
2022-04-19 10:09:48,258 [Worker-50: Building] INFO  o.e.m.c.i.embedder.EclipseLogger - skip non existing resourceDirectory D:\Evosys\BTR\TECH9BTR\BusinessTripRequest\src\main\resources
2022-04-19 10:09:48,260 [Worker-50: Building] INFO  o.e.m.c.i.embedder.EclipseLogger - Using 'UTF-8' encoding to copy filtered resources.
2022-04-19 10:09:48,260 [Worker-50: Building] INFO  o.e.m.c.i.embedder.EclipseLogger - skip non existing resourceDirectory D:\Evosys\BTR\TECH9BTR\BusinessTripRequest\src\test\resources
2022-04-19 10:10:38,628 [Worker-46: Updating Maven Project] INFO  o.e.m.c.i.p.ProjectConfigurationManager - Update started
2022-04-19 10:10:39,849 [Worker-46: Updating Maven Project] INFO  o.e.m.c.i.l.LifecycleMappingFactory - Using org.maven.ide.eclipse.wtp.WarLifecycleMapping lifecycle mapping for MavenProject: com.batchbtr.btr:BusinessTripRequest:0.0.1-SNAPSHOT @ D:\Evosys\BTR\TECH9BTR\BusinessTripRequest\pom.xml.
2022-04-19 10:10:40,960 [Worker-46: Updating Maven Project] INFO  o.e.m.j.i.AbstractJavaProjectConfigurator - Adding source folder /BusinessTripRequest/src/main/java
2022-04-19 10:10:40,961 [Worker-46: Updating Maven Project] INFO  o.e.m.j.i.AbstractJavaProjectConfigurator - Adding source folder /BusinessTripRequest/src/test/java
2022-04-19 10:10:41,784 [Worker-46: Updating Maven Project] INFO  o.e.m.w.i.f.ResourceFilteringBuildParticipant - Cleaning filtered folder for BusinessTripRequest
2022-04-19 10:10:41,801 [Worker-46: Updating Maven Project] INFO  o.e.m.c.i.p.ProjectConfigurationManager - Update completed: 3 sec
2022-04-19 10:10:41,920 [Worker-48: Building Project BusinessTripRequest] INFO  o.e.m.c.i.embedder.EclipseLogger - Using 'UTF-8' encoding to copy filtered resources.
2022-04-19 10:10:41,921 [Worker-48: Building Project BusinessTripRequest] INFO  o.e.m.c.i.embedder.EclipseLogger - skip non existing resourceDirectory D:\Evosys\BTR\TECH9BTR\BusinessTripRequest\src\main\resources
2022-04-19 10:10:41,923 [Worker-48: Building Project BusinessTripRequest] INFO  o.e.m.c.i.embedder.EclipseLogger - Using 'UTF-8' encoding to copy filtered resources.
2022-04-19 10:10:41,923 [Worker-48: Building Project BusinessTripRequest] INFO  o.e.m.c.i.embedder.EclipseLogger - skip non existing resourceDirectory D:\Evosys\BTR\TECH9BTR\BusinessTripRequest\src\test\resources
2022-04-19 10:10:41,923 [Worker-48: Building Project BusinessTripRequest] INFO  o.e.m.w.i.f.ResourceFilteringBuildParticipant - Changed resources require a complete clean of filtered resources of BusinessTripRequest
2022-04-19 10:10:41,924 [Worker-48: Building Project BusinessTripRequest] INFO  o.e.m.w.i.f.ResourceFilteringBuildParticipant - Executing resource filtering for BusinessTripRequest
2022-04-19 10:10:41,931 [Worker-48: Building Project BusinessTripRequest] INFO  o.e.m.c.i.embedder.EclipseLogger - Using 'UTF-8' encoding to copy filtered resources.
2022-04-19 10:12:30,132 [Worker-45: Building] INFO  o.e.m.c.i.embedder.EclipseLogger - Using 'UTF-8' encoding to copy filtered resources.
2022-04-19 10:12:30,133 [Worker-45: Building] INFO  o.e.m.c.i.embedder.EclipseLogger - skip non existing resourceDirectory D:\Evosys\BTR\TECH9BTR\BusinessTripRequest\src\main\resources
2022-04-19 10:12:30,134 [Worker-45: Building] INFO  o.e.m.c.i.embedder.EclipseLogger - Using 'UTF-8' encoding to copy filtered resources.
2022-04-19 10:12:30,135 [Worker-45: Building] INFO  o.e.m.c.i.embedder.EclipseLogger - skip non existing resourceDirectory D:\Evosys\BTR\TECH9BTR\BusinessTripRequest\src\test\resources
2022-04-19 10:19:32,055 [Worker-48: Building] INFO  o.e.m.c.i.l.LifecycleMappingFactory - Using org.maven.ide.eclipse.wtp.WarLifecycleMapping lifecycle mapping for MavenProject: com.batchbtr.btr:BusinessTripRequest:0.0.1-SNAPSHOT @ D:\Evosys\BTR\TECH9BTR\BusinessTripRequest\pom.xml.
2022-04-19 10:19:33,422 [Worker-48: Building] INFO  o.e.m.c.i.embedder.EclipseLogger - Using 'UTF-8' encoding to copy filtered resources.
2022-04-19 10:19:33,423 [Worker-48: Building] INFO  o.e.m.c.i.embedder.EclipseLogger - skip non existing resourceDirectory D:\Evosys\BTR\TECH9BTR\BusinessTripRequest\src\main\resources
2022-04-19 10:19:33,425 [Worker-48: Building] INFO  o.e.m.c.i.embedder.EclipseLogger - Using 'UTF-8' encoding to copy filtered resources.
2022-04-19 10:19:33,426 [Worker-48: Building] INFO  o.e.m.c.i.embedder.EclipseLogger - skip non existing resourceDirectory D:\Evosys\BTR\TECH9BTR\BusinessTripRequest\src\test\resources
2022-04-19 10:19:33,426 [Worker-48: Building] INFO  o.e.m.w.i.f.ResourceFilteringBuildParticipant - Changed resources require a complete clean of filtered resources of BusinessTripRequest
2022-04-19 10:19:33,426 [Worker-48: Building] INFO  o.e.m.w.i.f.ResourceFilteringBuildParticipant - Executing resource filtering for BusinessTripRequest
2022-04-19 10:19:33,432 [Worker-48: Building] INFO  o.e.m.c.i.embedder.EclipseLogger - Using 'UTF-8' encoding to copy filtered resources.
2022-04-19 10:21:25,029 [Worker-52: Building] INFO  o.e.m.c.i.embedder.EclipseLogger - Using 'UTF-8' encoding to copy filtered resources.
2022-04-19 10:21:25,030 [Worker-52: Building] INFO  o.e.m.c.i.embedder.EclipseLogger - skip non existing resourceDirectory D:\Evosys\BTR\TECH9BTR\BusinessTripRequest\src\main\resources
2022-04-19 10:21:25,031 [Worker-52: Building] INFO  o.e.m.c.i.embedder.EclipseLogger - Using 'UTF-8' encoding to copy filtered resources.
2022-04-19 10:21:25,031 [Worker-52: Building] INFO  o.e.m.c.i.embedder.EclipseLogger - skip non existing resourceDirectory D:\Evosys\BTR\TECH9BTR\BusinessTripRequest\src\test\resources
2022-04-19 10:22:29,515 [Worker-57: Building] INFO  o.e.m.c.i.embedder.EclipseLogger - Using 'UTF-8' encoding to copy filtered resources.
2022-04-19 10:22:29,515 [Worker-57: Building] INFO  o.e.m.c.i.embedder.EclipseLogger - skip non existing resourceDirectory D:\Evosys\BTR\TECH9BTR\BusinessTripRequest\src\main\resources
2022-04-19 10:22:29,516 [Worker-57: Building] INFO  o.e.m.c.i.embedder.EclipseLogger - Using 'UTF-8' encoding to copy filtered resources.
2022-04-19 10:22:29,517 [Worker-57: Building] INFO  o.e.m.c.i.embedder.EclipseLogger - skip non existing resourceDirectory D:\Evosys\BTR\TECH9BTR\BusinessTripRequest\src\test\resources
2022-04-19 10:23:11,356 [Worker-52: Building] INFO  o.e.m.c.i.embedder.EclipseLogger - Using 'UTF-8' encoding to copy filtered resources.
2022-04-19 10:23:11,356 [Worker-52: Building] INFO  o.e.m.c.i.embedder.EclipseLogger - skip non existing resourceDirectory D:\Evosys\BTR\TECH9BTR\BusinessTripRequest\src\main\resources
2022-04-19 10:23:11,357 [Worker-52: Building] INFO  o.e.m.c.i.embedder.EclipseLogger - Using 'UTF-8' encoding to copy filtered resources.
2022-04-19 10:23:11,357 [Worker-52: Building] INFO  o.e.m.c.i.embedder.EclipseLogger - skip non existing resourceDirectory D:\Evosys\BTR\TECH9BTR\BusinessTripRequest\src\test\resources
2022-04-19 10:23:29,877 [Worker-57: Building] INFO  o.e.m.c.i.embedder.EclipseLogger - Using 'UTF-8' encoding to copy filtered resources.
2022-04-19 10:23:29,877 [Worker-57: Building] INFO  o.e.m.c.i.embedder.EclipseLogger - skip non existing resourceDirectory D:\Evosys\BTR\TECH9BTR\BusinessTripRequest\src\main\resources
2022-04-19 10:23:29,878 [Worker-57: Building] INFO  o.e.m.c.i.embedder.EclipseLogger - Using 'UTF-8' encoding to copy filtered resources.
2022-04-19 10:23:29,878 [Worker-57: Building] INFO  o.e.m.c.i.embedder.EclipseLogger - skip non existing resourceDirectory D:\Evosys\BTR\TECH9BTR\BusinessTripRequest\src\test\resources
2022-04-19 10:23:59,772 [Worker-58: Building] INFO  o.e.m.c.i.embedder.EclipseLogger - Using 'UTF-8' encoding to copy filtered resources.
2022-04-19 10:23:59,773 [Worker-58: Building] INFO  o.e.m.c.i.embedder.EclipseLogger - skip non existing resourceDirectory D:\Evosys\BTR\TECH9BTR\BusinessTripRequest\src\main\resources
2022-04-19 10:23:59,775 [Worker-58: Building] INFO  o.e.m.c.i.embedder.EclipseLogger - Using 'UTF-8' encoding to copy filtered resources.
2022-04-19 10:23:59,775 [Worker-58: Building] INFO  o.e.m.c.i.embedder.EclipseLogger - skip non existing resourceDirectory D:\Evosys\BTR\TECH9BTR\BusinessTripRequest\src\test\resources
2022-04-19 10:43:18,933 [Worker-60: Building] INFO  o.e.m.c.i.embedder.EclipseLogger - Using 'UTF-8' encoding to copy filtered resources.
2022-04-19 10:43:18,933 [Worker-60: Building] INFO  o.e.m.c.i.embedder.EclipseLogger - skip non existing resourceDirectory D:\Evosys\BTR\TECH9BTR\BusinessTripRequest\src\main\resources
2022-04-19 10:43:18,935 [Worker-60: Building] INFO  o.e.m.c.i.embedder.EclipseLogger - Using 'UTF-8' encoding to copy filtered resources.
2022-04-19 10:43:18,935 [Worker-60: Building] INFO  o.e.m.c.i.embedder.EclipseLogger - skip non existing resourceDirectory D:\Evosys\BTR\TECH9BTR\BusinessTripRequest\src\test\resources
2022-04-19 10:44:14,983 [Worker-48: Building] INFO  o.e.m.c.i.embedder.EclipseLogger - Using 'UTF-8' encoding to copy filtered resources.
2022-04-19 10:44:14,983 [Worker-48: Building] INFO  o.e.m.c.i.embedder.EclipseLogger - skip non existing resourceDirectory D:\Evosys\BTR\TECH9BTR\BusinessTripRequest\src\main\resources
2022-04-19 10:44:14,985 [Worker-48: Building] INFO  o.e.m.c.i.embedder.EclipseLogger - Using 'UTF-8' encoding to copy filtered resources.
2022-04-19 10:44:14,985 [Worker-48: Building] INFO  o.e.m.c.i.embedder.EclipseLogger - skip non existing resourceDirectory D:\Evosys\BTR\TECH9BTR\BusinessTripRequest\src\test\resources
2022-04-19 10:45:07,067 [Worker-62: Building] INFO  o.e.m.c.i.embedder.EclipseLogger - Using 'UTF-8' encoding to copy filtered resources.
2022-04-19 10:45:07,067 [Worker-62: Building] INFO  o.e.m.c.i.embedder.EclipseLogger - skip non existing resourceDirectory D:\Evosys\BTR\TECH9BTR\BusinessTripRequest\src\main\resources
2022-04-19 10:45:07,069 [Worker-62: Building] INFO  o.e.m.c.i.embedder.EclipseLogger - Using 'UTF-8' encoding to copy filtered resources.
2022-04-19 10:45:07,069 [Worker-62: Building] INFO  o.e.m.c.i.embedder.EclipseLogger - skip non existing resourceDirectory D:\Evosys\BTR\TECH9BTR\BusinessTripRequest\src\test\resources
2022-04-19 10:46:12,103 [Worker-60: Building] INFO  o.e.m.c.i.embedder.EclipseLogger - Using 'UTF-8' encoding to copy filtered resources.
2022-04-19 10:46:12,104 [Worker-60: Building] INFO  o.e.m.c.i.embedder.EclipseLogger - skip non existing resourceDirectory D:\Evosys\BTR\TECH9BTR\BusinessTripRequest\src\main\resources
2022-04-19 10:46:12,106 [Worker-60: Building] INFO  o.e.m.c.i.embedder.EclipseLogger - Using 'UTF-8' encoding to copy filtered resources.
2022-04-19 10:46:12,108 [Worker-60: Building] INFO  o.e.m.c.i.embedder.EclipseLogger - skip non existing resourceDirectory D:\Evosys\BTR\TECH9BTR\BusinessTripRequest\src\test\resources
2022-04-19 10:51:25,018 [Worker-64: Building] INFO  o.e.m.c.i.embedder.EclipseLogger - Using 'UTF-8' encoding to copy filtered resources.
2022-04-19 10:51:25,018 [Worker-64: Building] INFO  o.e.m.c.i.embedder.EclipseLogger - skip non existing resourceDirectory D:\Evosys\BTR\TECH9BTR\BusinessTripRequest\src\main\resources
2022-04-19 10:51:25,020 [Worker-64: Building] INFO  o.e.m.c.i.embedder.EclipseLogger - Using 'UTF-8' encoding to copy filtered resources.
2022-04-19 10:51:25,020 [Worker-64: Building] INFO  o.e.m.c.i.embedder.EclipseLogger - skip non existing resourceDirectory D:\Evosys\BTR\TECH9BTR\BusinessTripRequest\src\test\resources
2022-04-19 10:53:34,046 [Worker-64: Building] INFO  o.e.m.c.i.embedder.EclipseLogger - Using 'UTF-8' encoding to copy filtered resources.
2022-04-19 10:53:34,046 [Worker-64: Building] INFO  o.e.m.c.i.embedder.EclipseLogger - skip non existing resourceDirectory D:\Evosys\BTR\TECH9BTR\BusinessTripRequest\src\main\resources
2022-04-19 10:53:34,048 [Worker-64: Building] INFO  o.e.m.c.i.embedder.EclipseLogger - Using 'UTF-8' encoding to copy filtered resources.
2022-04-19 10:53:34,048 [Worker-64: Building] INFO  o.e.m.c.i.embedder.EclipseLogger - skip non existing resourceDirectory D:\Evosys\BTR\TECH9BTR\BusinessTripRequest\src\test\resources
2022-04-19 10:53:41,197 [Worker-64: Building] INFO  o.e.m.c.i.embedder.EclipseLogger - Using 'UTF-8' encoding to copy filtered resources.
2022-04-19 10:53:41,197 [Worker-64: Building] INFO  o.e.m.c.i.embedder.EclipseLogger - skip non existing resourceDirectory D:\Evosys\BTR\TECH9BTR\BusinessTripRequest\src\main\resources
2022-04-19 10:53:41,198 [Worker-64: Building] INFO  o.e.m.c.i.embedder.EclipseLogger - Using 'UTF-8' encoding to copy filtered resources.
2022-04-19 10:53:41,199 [Worker-64: Building] INFO  o.e.m.c.i.embedder.EclipseLogger - skip non existing resourceDirectory D:\Evosys\BTR\TECH9BTR\BusinessTripRequest\src\test\resources
2022-04-19 10:55:23,187 [Worker-66: Building] INFO  o.e.m.c.i.embedder.EclipseLogger - Using 'UTF-8' encoding to copy filtered resources.
2022-04-19 10:55:23,188 [Worker-66: Building] INFO  o.e.m.c.i.embedder.EclipseLogger - skip non existing resourceDirectory D:\Evosys\BTR\TECH9BTR\BusinessTripRequest\src\main\resources
2022-04-19 10:55:23,189 [Worker-66: Building] INFO  o.e.m.c.i.embedder.EclipseLogger - Using 'UTF-8' encoding to copy filtered resources.
2022-04-19 10:55:23,189 [Worker-66: Building] INFO  o.e.m.c.i.embedder.EclipseLogger - skip non existing resourceDirectory D:\Evosys\BTR\TECH9BTR\BusinessTripRequest\src\test\resources
2022-04-19 10:55:49,151 [Worker-64: Building] INFO  o.e.m.c.i.embedder.EclipseLogger - Using 'UTF-8' encoding to copy filtered resources.
2022-04-19 10:55:49,152 [Worker-64: Building] INFO  o.e.m.c.i.embedder.EclipseLogger - skip non existing resourceDirectory D:\Evosys\BTR\TECH9BTR\BusinessTripRequest\src\main\resources
2022-04-19 10:55:49,154 [Worker-64: Building] INFO  o.e.m.c.i.embedder.EclipseLogger - Using 'UTF-8' encoding to copy filtered resources.
2022-04-19 10:55:49,154 [Worker-64: Building] INFO  o.e.m.c.i.embedder.EclipseLogger - skip non existing resourceDirectory D:\Evosys\BTR\TECH9BTR\BusinessTripRequest\src\test\resources
2022-04-19 10:55:54,825 [Worker-64: Building] INFO  o.e.m.c.i.embedder.EclipseLogger - Using 'UTF-8' encoding to copy filtered resources.
2022-04-19 10:55:54,825 [Worker-64: Building] INFO  o.e.m.c.i.embedder.EclipseLogger - skip non existing resourceDirectory D:\Evosys\BTR\TECH9BTR\BusinessTripRequest\src\main\resources
2022-04-19 10:55:54,827 [Worker-64: Building] INFO  o.e.m.c.i.embedder.EclipseLogger - Using 'UTF-8' encoding to copy filtered resources.
2022-04-19 10:55:54,828 [Worker-64: Building] INFO  o.e.m.c.i.embedder.EclipseLogger - skip non existing resourceDirectory D:\Evosys\BTR\TECH9BTR\BusinessTripRequest\src\test\resources
2022-04-19 10:56:01,994 [Worker-64: Building] INFO  o.e.m.c.i.embedder.EclipseLogger - Using 'UTF-8' encoding to copy filtered resources.
2022-04-19 10:56:01,994 [Worker-64: Building] INFO  o.e.m.c.i.embedder.EclipseLogger - skip non existing resourceDirectory D:\Evosys\BTR\TECH9BTR\BusinessTripRequest\src\main\resources
2022-04-19 10:56:01,995 [Worker-64: Building] INFO  o.e.m.c.i.embedder.EclipseLogger - Using 'UTF-8' encoding to copy filtered resources.
2022-04-19 10:56:01,996 [Worker-64: Building] INFO  o.e.m.c.i.embedder.EclipseLogger - skip non existing resourceDirectory D:\Evosys\BTR\TECH9BTR\BusinessTripRequest\src\test\resources
2022-04-19 10:58:26,182 [Worker-72: Building] INFO  o.e.m.c.i.embedder.EclipseLogger - Using 'UTF-8' encoding to copy filtered resources.
2022-04-19 10:58:26,183 [Worker-72: Building] INFO  o.e.m.c.i.embedder.EclipseLogger - skip non existing resourceDirectory D:\Evosys\BTR\TECH9BTR\BusinessTripRequest\src\main\resources
2022-04-19 10:58:26,184 [Worker-72: Building] INFO  o.e.m.c.i.embedder.EclipseLogger - Using 'UTF-8' encoding to copy filtered resources.
2022-04-19 10:58:26,184 [Worker-72: Building] INFO  o.e.m.c.i.embedder.EclipseLogger - skip non existing resourceDirectory D:\Evosys\BTR\TECH9BTR\BusinessTripRequest\src\test\resources
2022-04-19 10:59:11,430 [Worker-64: Building] INFO  o.e.m.c.i.embedder.EclipseLogger - Using 'UTF-8' encoding to copy filtered resources.
2022-04-19 10:59:11,431 [Worker-64: Building] INFO  o.e.m.c.i.embedder.EclipseLogger - skip non existing resourceDirectory D:\Evosys\BTR\TECH9BTR\BusinessTripRequest\src\main\resources
2022-04-19 10:59:11,432 [Worker-64: Building] INFO  o.e.m.c.i.embedder.EclipseLogger - Using 'UTF-8' encoding to copy filtered resources.
2022-04-19 10:59:11,432 [Worker-64: Building] INFO  o.e.m.c.i.embedder.EclipseLogger - skip non existing resourceDirectory D:\Evosys\BTR\TECH9BTR\BusinessTripRequest\src\test\resources
2022-04-19 11:00:34,237 [Worker-74: Building] INFO  o.e.m.c.i.embedder.EclipseLogger - Using 'UTF-8' encoding to copy filtered resources.
2022-04-19 11:00:34,237 [Worker-74: Building] INFO  o.e.m.c.i.embedder.EclipseLogger - skip non existing resourceDirectory D:\Evosys\BTR\TECH9BTR\BusinessTripRequest\src\main\resources
2022-04-19 11:00:34,240 [Worker-74: Building] INFO  o.e.m.c.i.embedder.EclipseLogger - Using 'UTF-8' encoding to copy filtered resources.
2022-04-19 11:00:34,241 [Worker-74: Building] INFO  o.e.m.c.i.embedder.EclipseLogger - skip non existing resourceDirectory D:\Evosys\BTR\TECH9BTR\BusinessTripRequest\src\test\resources
2022-04-19 11:02:49,963 [Worker-76: Building] INFO  o.e.m.c.i.embedder.EclipseLogger - Using 'UTF-8' encoding to copy filtered resources.
2022-04-19 11:02:49,963 [Worker-76: Building] INFO  o.e.m.c.i.embedder.EclipseLogger - skip non existing resourceDirectory D:\Evosys\BTR\TECH9BTR\BusinessTripRequest\src\main\resources
2022-04-19 11:02:49,965 [Worker-76: Building] INFO  o.e.m.c.i.embedder.EclipseLogger - Using 'UTF-8' encoding to copy filtered resources.
2022-04-19 11:02:49,965 [Worker-76: Building] INFO  o.e.m.c.i.embedder.EclipseLogger - skip non existing resourceDirectory D:\Evosys\BTR\TECH9BTR\BusinessTripRequest\src\test\resources
2022-04-19 11:04:44,387 [Worker-46: Building] INFO  o.e.m.c.i.embedder.EclipseLogger - Using 'UTF-8' encoding to copy filtered resources.
2022-04-19 11:04:44,387 [Worker-46: Building] INFO  o.e.m.c.i.embedder.EclipseLogger - skip non existing resourceDirectory D:\Evosys\BTR\TECH9BTR\BusinessTripRequest\src\main\resources
2022-04-19 11:04:44,388 [Worker-46: Building] INFO  o.e.m.c.i.embedder.EclipseLogger - Using 'UTF-8' encoding to copy filtered resources.
2022-04-19 11:04:44,388 [Worker-46: Building] INFO  o.e.m.c.i.embedder.EclipseLogger - skip non existing resourceDirectory D:\Evosys\BTR\TECH9BTR\BusinessTripRequest\src\test\resources
2022-04-19 11:05:39,521 [Worker-76: Building] INFO  o.e.m.c.i.embedder.EclipseLogger - Using 'UTF-8' encoding to copy filtered resources.
2022-04-19 11:05:39,522 [Worker-76: Building] INFO  o.e.m.c.i.embedder.EclipseLogger - skip non existing resourceDirectory D:\Evosys\BTR\TECH9BTR\BusinessTripRequest\src\main\resources
2022-04-19 11:05:39,523 [Worker-76: Building] INFO  o.e.m.c.i.embedder.EclipseLogger - Using 'UTF-8' encoding to copy filtered resources.
2022-04-19 11:05:39,523 [Worker-76: Building] INFO  o.e.m.c.i.embedder.EclipseLogger - skip non existing resourceDirectory D:\Evosys\BTR\TECH9BTR\BusinessTripRequest\src\test\resources
2022-04-19 11:06:57,392 [Worker-83: Building] INFO  o.e.m.c.i.embedder.EclipseLogger - Using 'UTF-8' encoding to copy filtered resources.
2022-04-19 11:06:57,392 [Worker-83: Building] INFO  o.e.m.c.i.embedder.EclipseLogger - skip non existing resourceDirectory D:\Evosys\BTR\TECH9BTR\BusinessTripRequest\src\main\resources
2022-04-19 11:06:57,393 [Worker-83: Building] INFO  o.e.m.c.i.embedder.EclipseLogger - Using 'UTF-8' encoding to copy filtered resources.
2022-04-19 11:06:57,393 [Worker-83: Building] INFO  o.e.m.c.i.embedder.EclipseLogger - skip non existing resourceDirectory D:\Evosys\BTR\TECH9BTR\BusinessTripRequest\src\test\resources
2022-04-19 11:07:10,172 [Worker-78: Building] INFO  o.e.m.c.i.embedder.EclipseLogger - Using 'UTF-8' encoding to copy filtered resources.
2022-04-19 11:07:10,172 [Worker-78: Building] INFO  o.e.m.c.i.embedder.EclipseLogger - skip non existing resourceDirectory D:\Evosys\BTR\TECH9BTR\BusinessTripRequest\src\main\resources
2022-04-19 11:07:10,173 [Worker-78: Building] INFO  o.e.m.c.i.embedder.EclipseLogger - Using 'UTF-8' encoding to copy filtered resources.
2022-04-19 11:07:10,174 [Worker-78: Building] INFO  o.e.m.c.i.embedder.EclipseLogger - skip non existing resourceDirectory D:\Evosys\BTR\TECH9BTR\BusinessTripRequest\src\test\resources
2022-04-19 11:07:19,384 [Worker-82: Building] INFO  o.e.m.c.i.embedder.EclipseLogger - Using 'UTF-8' encoding to copy filtered resources.
2022-04-19 11:07:19,384 [Worker-82: Building] INFO  o.e.m.c.i.embedder.EclipseLogger - skip non existing resourceDirectory D:\Evosys\BTR\TECH9BTR\BusinessTripRequest\src\main\resources
2022-04-19 11:07:19,385 [Worker-82: Building] INFO  o.e.m.c.i.embedder.EclipseLogger - Using 'UTF-8' encoding to copy filtered resources.
2022-04-19 11:07:19,386 [Worker-82: Building] INFO  o.e.m.c.i.embedder.EclipseLogger - skip non existing resourceDirectory D:\Evosys\BTR\TECH9BTR\BusinessTripRequest\src\test\resources
2022-04-19 11:07:27,877 [Worker-76: Building] INFO  o.e.m.c.i.embedder.EclipseLogger - Using 'UTF-8' encoding to copy filtered resources.
2022-04-19 11:07:27,877 [Worker-76: Building] INFO  o.e.m.c.i.embedder.EclipseLogger - skip non existing resourceDirectory D:\Evosys\BTR\TECH9BTR\BusinessTripRequest\src\main\resources
2022-04-19 11:07:27,878 [Worker-76: Building] INFO  o.e.m.c.i.embedder.EclipseLogger - Using 'UTF-8' encoding to copy filtered resources.
2022-04-19 11:07:27,878 [Worker-76: Building] INFO  o.e.m.c.i.embedder.EclipseLogger - skip non existing resourceDirectory D:\Evosys\BTR\TECH9BTR\BusinessTripRequest\src\test\resources
2022-04-19 11:07:36,725 [Worker-82: Building] INFO  o.e.m.c.i.embedder.EclipseLogger - Using 'UTF-8' encoding to copy filtered resources.
2022-04-19 11:07:36,725 [Worker-82: Building] INFO  o.e.m.c.i.embedder.EclipseLogger - skip non existing resourceDirectory D:\Evosys\BTR\TECH9BTR\BusinessTripRequest\src\main\resources
2022-04-19 11:07:36,726 [Worker-82: Building] INFO  o.e.m.c.i.embedder.EclipseLogger - Using 'UTF-8' encoding to copy filtered resources.
2022-04-19 11:07:36,727 [Worker-82: Building] INFO  o.e.m.c.i.embedder.EclipseLogger - skip non existing resourceDirectory D:\Evosys\BTR\TECH9BTR\BusinessTripRequest\src\test\resources
2022-04-19 11:11:37,997 [Worker-85: Building] INFO  o.e.m.c.i.embedder.EclipseLogger - Using 'UTF-8' encoding to copy filtered resources.
2022-04-19 11:11:37,998 [Worker-85: Building] INFO  o.e.m.c.i.embedder.EclipseLogger - skip non existing resourceDirectory D:\Evosys\BTR\TECH9BTR\BusinessTripRequest\src\main\resources
2022-04-19 11:11:37,999 [Worker-85: Building] INFO  o.e.m.c.i.embedder.EclipseLogger - Using 'UTF-8' encoding to copy filtered resources.
2022-04-19 11:11:37,999 [Worker-85: Building] INFO  o.e.m.c.i.embedder.EclipseLogger - skip non existing resourceDirectory D:\Evosys\BTR\TECH9BTR\BusinessTripRequest\src\test\resources
2022-04-19 11:15:25,357 [Worker-85: Building] INFO  o.e.m.c.i.embedder.EclipseLogger - Using 'UTF-8' encoding to copy filtered resources.
2022-04-19 11:15:25,357 [Worker-85: Building] INFO  o.e.m.c.i.embedder.EclipseLogger - skip non existing resourceDirectory D:\Evosys\BTR\TECH9BTR\BusinessTripRequest\src\main\resources
2022-04-19 11:15:25,358 [Worker-85: Building] INFO  o.e.m.c.i.embedder.EclipseLogger - Using 'UTF-8' encoding to copy filtered resources.
2022-04-19 11:15:25,359 [Worker-85: Building] INFO  o.e.m.c.i.embedder.EclipseLogger - skip non existing resourceDirectory D:\Evosys\BTR\TECH9BTR\BusinessTripRequest\src\test\resources
2022-04-19 11:19:53,553 [Worker-90: Building] INFO  o.e.m.c.i.embedder.EclipseLogger - Using 'UTF-8' encoding to copy filtered resources.
2022-04-19 11:19:53,553 [Worker-90: Building] INFO  o.e.m.c.i.embedder.EclipseLogger - skip non existing resourceDirectory D:\Evosys\BTR\TECH9BTR\BusinessTripRequest\src\main\resources
2022-04-19 11:19:53,556 [Worker-90: Building] INFO  o.e.m.c.i.embedder.EclipseLogger - Using 'UTF-8' encoding to copy filtered resources.
2022-04-19 11:19:53,556 [Worker-90: Building] INFO  o.e.m.c.i.embedder.EclipseLogger - skip non existing resourceDirectory D:\Evosys\BTR\TECH9BTR\BusinessTripRequest\src\test\resources
2022-04-19 11:21:11,525 [Worker-88: Building] INFO  o.e.m.c.i.embedder.EclipseLogger - Using 'UTF-8' encoding to copy filtered resources.
2022-04-19 11:21:11,525 [Worker-88: Building] INFO  o.e.m.c.i.embedder.EclipseLogger - skip non existing resourceDirectory D:\Evosys\BTR\TECH9BTR\BusinessTripRequest\src\main\resources
2022-04-19 11:21:11,527 [Worker-88: Building] INFO  o.e.m.c.i.embedder.EclipseLogger - Using 'UTF-8' encoding to copy filtered resources.
2022-04-19 11:21:11,527 [Worker-88: Building] INFO  o.e.m.c.i.embedder.EclipseLogger - skip non existing resourceDirectory D:\Evosys\BTR\TECH9BTR\BusinessTripRequest\src\test\resources
2022-04-19 11:21:57,245 [Worker-86: Building] INFO  o.e.m.c.i.embedder.EclipseLogger - Using 'UTF-8' encoding to copy filtered resources.
2022-04-19 11:21:57,246 [Worker-86: Building] INFO  o.e.m.c.i.embedder.EclipseLogger - skip non existing resourceDirectory D:\Evosys\BTR\TECH9BTR\BusinessTripRequest\src\main\resources
2022-04-19 11:21:57,247 [Worker-86: Building] INFO  o.e.m.c.i.embedder.EclipseLogger - Using 'UTF-8' encoding to copy filtered resources.
2022-04-19 11:21:57,247 [Worker-86: Building] INFO  o.e.m.c.i.embedder.EclipseLogger - skip non existing resourceDirectory D:\Evosys\BTR\TECH9BTR\BusinessTripRequest\src\test\resources
2022-04-19 11:22:28,574 [Worker-88: Building] INFO  o.e.m.c.i.embedder.EclipseLogger - Using 'UTF-8' encoding to copy filtered resources.
2022-04-19 11:22:28,574 [Worker-88: Building] INFO  o.e.m.c.i.embedder.EclipseLogger - skip non existing resourceDirectory D:\Evosys\BTR\TECH9BTR\BusinessTripRequest\src\main\resources
2022-04-19 11:22:28,575 [Worker-88: Building] INFO  o.e.m.c.i.embedder.EclipseLogger - Using 'UTF-8' encoding to copy filtered resources.
2022-04-19 11:22:28,576 [Worker-88: Building] INFO  o.e.m.c.i.embedder.EclipseLogger - skip non existing resourceDirectory D:\Evosys\BTR\TECH9BTR\BusinessTripRequest\src\test\resources
2022-04-19 11:22:40,113 [Worker-89: Building] INFO  o.e.m.c.i.embedder.EclipseLogger - Using 'UTF-8' encoding to copy filtered resources.
2022-04-19 11:22:40,113 [Worker-89: Building] INFO  o.e.m.c.i.embedder.EclipseLogger - skip non existing resourceDirectory D:\Evosys\BTR\TECH9BTR\BusinessTripRequest\src\main\resources
2022-04-19 11:22:40,114 [Worker-89: Building] INFO  o.e.m.c.i.embedder.EclipseLogger - Using 'UTF-8' encoding to copy filtered resources.
2022-04-19 11:22:40,114 [Worker-89: Building] INFO  o.e.m.c.i.embedder.EclipseLogger - skip non existing resourceDirectory D:\Evosys\BTR\TECH9BTR\BusinessTripRequest\src\test\resources
2022-04-19 11:24:22,101 [Worker-90: Building] INFO  o.e.m.c.i.embedder.EclipseLogger - Using 'UTF-8' encoding to copy filtered resources.
2022-04-19 11:24:22,101 [Worker-90: Building] INFO  o.e.m.c.i.embedder.EclipseLogger - skip non existing resourceDirectory D:\Evosys\BTR\TECH9BTR\BusinessTripRequest\src\main\resources
2022-04-19 11:24:22,102 [Worker-90: Building] INFO  o.e.m.c.i.embedder.EclipseLogger - Using 'UTF-8' encoding to copy filtered resources.
2022-04-19 11:24:22,102 [Worker-90: Building] INFO  o.e.m.c.i.embedder.EclipseLogger - skip non existing resourceDirectory D:\Evosys\BTR\TECH9BTR\BusinessTripRequest\src\test\resources
2022-04-19 11:24:26,794 [Worker-85: Building] INFO  o.e.m.c.i.embedder.EclipseLogger - Using 'UTF-8' encoding to copy filtered resources.
2022-04-19 11:24:26,794 [Worker-85: Building] INFO  o.e.m.c.i.embedder.EclipseLogger - skip non existing resourceDirectory D:\Evosys\BTR\TECH9BTR\BusinessTripRequest\src\main\resources
2022-04-19 11:24:26,795 [Worker-85: Building] INFO  o.e.m.c.i.embedder.EclipseLogger - Using 'UTF-8' encoding to copy filtered resources.
2022-04-19 11:24:26,796 [Worker-85: Building] INFO  o.e.m.c.i.embedder.EclipseLogger - skip non existing resourceDirectory D:\Evosys\BTR\TECH9BTR\BusinessTripRequest\src\test\resources
2022-04-19 11:25:17,146 [Worker-90: Building] INFO  o.e.m.c.i.embedder.EclipseLogger - Using 'UTF-8' encoding to copy filtered resources.
2022-04-19 11:25:17,146 [Worker-90: Building] INFO  o.e.m.c.i.embedder.EclipseLogger - skip non existing resourceDirectory D:\Evosys\BTR\TECH9BTR\BusinessTripRequest\src\main\resources
2022-04-19 11:25:17,148 [Worker-90: Building] INFO  o.e.m.c.i.embedder.EclipseLogger - Using 'UTF-8' encoding to copy filtered resources.
2022-04-19 11:25:17,148 [Worker-90: Building] INFO  o.e.m.c.i.embedder.EclipseLogger - skip non existing resourceDirectory D:\Evosys\BTR\TECH9BTR\BusinessTripRequest\src\test\resources
2022-04-19 11:25:34,541 [Worker-86: Building] INFO  o.e.m.c.i.embedder.EclipseLogger - Using 'UTF-8' encoding to copy filtered resources.
2022-04-19 11:25:34,541 [Worker-86: Building] INFO  o.e.m.c.i.embedder.EclipseLogger - skip non existing resourceDirectory D:\Evosys\BTR\TECH9BTR\BusinessTripRequest\src\main\resources
2022-04-19 11:25:34,543 [Worker-86: Building] INFO  o.e.m.c.i.embedder.EclipseLogger - Using 'UTF-8' encoding to copy filtered resources.
2022-04-19 11:25:34,543 [Worker-86: Building] INFO  o.e.m.c.i.embedder.EclipseLogger - skip non existing resourceDirectory D:\Evosys\BTR\TECH9BTR\BusinessTripRequest\src\test\resources
2022-04-19 11:27:53,836 [Worker-90: Building] INFO  o.e.m.c.i.embedder.EclipseLogger - Using 'UTF-8' encoding to copy filtered resources.
2022-04-19 11:27:53,837 [Worker-90: Building] INFO  o.e.m.c.i.embedder.EclipseLogger - skip non existing resourceDirectory D:\Evosys\BTR\TECH9BTR\BusinessTripRequest\src\main\resources
2022-04-19 11:27:53,838 [Worker-90: Building] INFO  o.e.m.c.i.embedder.EclipseLogger - Using 'UTF-8' encoding to copy filtered resources.
2022-04-19 11:27:53,838 [Worker-90: Building] INFO  o.e.m.c.i.embedder.EclipseLogger - skip non existing resourceDirectory D:\Evosys\BTR\TECH9BTR\BusinessTripRequest\src\test\resources
2022-04-19 11:28:11,435 [Worker-93: Building] INFO  o.e.m.c.i.embedder.EclipseLogger - Using 'UTF-8' encoding to copy filtered resources.
2022-04-19 11:28:11,435 [Worker-93: Building] INFO  o.e.m.c.i.embedder.EclipseLogger - skip non existing resourceDirectory D:\Evosys\BTR\TECH9BTR\BusinessTripRequest\src\main\resources
2022-04-19 11:28:11,436 [Worker-93: Building] INFO  o.e.m.c.i.embedder.EclipseLogger - Using 'UTF-8' encoding to copy filtered resources.
2022-04-19 11:28:11,436 [Worker-93: Building] INFO  o.e.m.c.i.embedder.EclipseLogger - skip non existing resourceDirectory D:\Evosys\BTR\TECH9BTR\BusinessTripRequest\src\test\resources
2022-04-19 11:29:08,686 [Worker-92: Building] INFO  o.e.m.c.i.embedder.EclipseLogger - Using 'UTF-8' encoding to copy filtered resources.
2022-04-19 11:29:08,687 [Worker-92: Building] INFO  o.e.m.c.i.embedder.EclipseLogger - skip non existing resourceDirectory D:\Evosys\BTR\TECH9BTR\BusinessTripRequest\src\main\resources
2022-04-19 11:29:08,688 [Worker-92: Building] INFO  o.e.m.c.i.embedder.EclipseLogger - Using 'UTF-8' encoding to copy filtered resources.
2022-04-19 11:29:08,688 [Worker-92: Building] INFO  o.e.m.c.i.embedder.EclipseLogger - skip non existing resourceDirectory D:\Evosys\BTR\TECH9BTR\BusinessTripRequest\src\test\resources
2022-04-19 11:40:00,112 [Worker-92: Building] INFO  o.e.m.c.i.embedder.EclipseLogger - Using 'UTF-8' encoding to copy filtered resources.
2022-04-19 11:40:00,112 [Worker-92: Building] INFO  o.e.m.c.i.embedder.EclipseLogger - skip non existing resourceDirectory D:\Evosys\BTR\TECH9BTR\BusinessTripRequest\src\main\resources
2022-04-19 11:40:00,114 [Worker-92: Building] INFO  o.e.m.c.i.embedder.EclipseLogger - Using 'UTF-8' encoding to copy filtered resources.
2022-04-19 11:40:00,114 [Worker-92: Building] INFO  o.e.m.c.i.embedder.EclipseLogger - skip non existing resourceDirectory D:\Evosys\BTR\TECH9BTR\BusinessTripRequest\src\test\resources
2022-04-19 11:40:08,352 [Worker-96: Building] INFO  o.e.m.c.i.embedder.EclipseLogger - Using 'UTF-8' encoding to copy filtered resources.
2022-04-19 11:40:08,352 [Worker-96: Building] INFO  o.e.m.c.i.embedder.EclipseLogger - skip non existing resourceDirectory D:\Evosys\BTR\TECH9BTR\BusinessTripRequest\src\main\resources
2022-04-19 11:40:08,353 [Worker-96: Building] INFO  o.e.m.c.i.embedder.EclipseLogger - Using 'UTF-8' encoding to copy filtered resources.
2022-04-19 11:40:08,353 [Worker-96: Building] INFO  o.e.m.c.i.embedder.EclipseLogger - skip non existing resourceDirectory D:\Evosys\BTR\TECH9BTR\BusinessTripRequest\src\test\resources
2022-04-19 11:40:13,930 [Worker-97: Building] INFO  o.e.m.c.i.embedder.EclipseLogger - Using 'UTF-8' encoding to copy filtered resources.
2022-04-19 11:40:13,930 [Worker-97: Building] INFO  o.e.m.c.i.embedder.EclipseLogger - skip non existing resourceDirectory D:\Evosys\BTR\TECH9BTR\BusinessTripRequest\src\main\resources
2022-04-19 11:40:13,931 [Worker-97: Building] INFO  o.e.m.c.i.embedder.EclipseLogger - Using 'UTF-8' encoding to copy filtered resources.
2022-04-19 11:40:13,931 [Worker-97: Building] INFO  o.e.m.c.i.embedder.EclipseLogger - skip non existing resourceDirectory D:\Evosys\BTR\TECH9BTR\BusinessTripRequest\src\test\resources
2022-04-19 11:46:28,455 [Worker-96: Building] INFO  o.e.m.c.i.embedder.EclipseLogger - Using 'UTF-8' encoding to copy filtered resources.
2022-04-19 11:46:28,456 [Worker-96: Building] INFO  o.e.m.c.i.embedder.EclipseLogger - skip non existing resourceDirectory D:\Evosys\BTR\TECH9BTR\BusinessTripRequest\src\main\resources
2022-04-19 11:46:28,457 [Worker-96: Building] INFO  o.e.m.c.i.embedder.EclipseLogger - Using 'UTF-8' encoding to copy filtered resources.
2022-04-19 11:46:28,457 [Worker-96: Building] INFO  o.e.m.c.i.embedder.EclipseLogger - skip non existing resourceDirectory D:\Evosys\BTR\TECH9BTR\BusinessTripRequest\src\test\resources
2022-04-19 11:46:49,509 [Worker-100: Building] INFO  o.e.m.c.i.embedder.EclipseLogger - Using 'UTF-8' encoding to copy filtered resources.
2022-04-19 11:46:49,509 [Worker-100: Building] INFO  o.e.m.c.i.embedder.EclipseLogger - skip non existing resourceDirectory D:\Evosys\BTR\TECH9BTR\BusinessTripRequest\src\main\resources
2022-04-19 11:46:49,510 [Worker-100: Building] INFO  o.e.m.c.i.embedder.EclipseLogger - Using 'UTF-8' encoding to copy filtered resources.
2022-04-19 11:46:49,511 [Worker-100: Building] INFO  o.e.m.c.i.embedder.EclipseLogger - skip non existing resourceDirectory D:\Evosys\BTR\TECH9BTR\BusinessTripRequest\src\test\resources
2022-04-19 11:47:26,166 [Worker-99: Building] INFO  o.e.m.c.i.embedder.EclipseLogger - Using 'UTF-8' encoding to copy filtered resources.
2022-04-19 11:47:26,166 [Worker-99: Building] INFO  o.e.m.c.i.embedder.EclipseLogger - skip non existing resourceDirectory D:\Evosys\BTR\TECH9BTR\BusinessTripRequest\src\main\resources
2022-04-19 11:47:26,168 [Worker-99: Building] INFO  o.e.m.c.i.embedder.EclipseLogger - Using 'UTF-8' encoding to copy filtered resources.
2022-04-19 11:47:26,168 [Worker-99: Building] INFO  o.e.m.c.i.embedder.EclipseLogger - skip non existing resourceDirectory D:\Evosys\BTR\TECH9BTR\BusinessTripRequest\src\test\resources
2022-04-19 11:47:29,783 [Worker-92: Building] INFO  o.e.m.c.i.embedder.EclipseLogger - Using 'UTF-8' encoding to copy filtered resources.
2022-04-19 11:47:29,783 [Worker-92: Building] INFO  o.e.m.c.i.embedder.EclipseLogger - skip non existing resourceDirectory D:\Evosys\BTR\TECH9BTR\BusinessTripRequest\src\main\resources
2022-04-19 11:47:29,784 [Worker-92: Building] INFO  o.e.m.c.i.embedder.EclipseLogger - Using 'UTF-8' encoding to copy filtered resources.
2022-04-19 11:47:29,785 [Worker-92: Building] INFO  o.e.m.c.i.embedder.EclipseLogger - skip non existing resourceDirectory D:\Evosys\BTR\TECH9BTR\BusinessTripRequest\src\test\resources
2022-04-19 11:52:12,792 [Worker-102: Building] INFO  o.e.m.c.i.embedder.EclipseLogger - Using 'UTF-8' encoding to copy filtered resources.
2022-04-19 11:52:12,792 [Worker-102: Building] INFO  o.e.m.c.i.embedder.EclipseLogger - skip non existing resourceDirectory D:\Evosys\BTR\TECH9BTR\BusinessTripRequest\src\main\resources
2022-04-19 11:52:12,794 [Worker-102: Building] INFO  o.e.m.c.i.embedder.EclipseLogger - Using 'UTF-8' encoding to copy filtered resources.
2022-04-19 11:52:12,794 [Worker-102: Building] INFO  o.e.m.c.i.embedder.EclipseLogger - skip non existing resourceDirectory D:\Evosys\BTR\TECH9BTR\BusinessTripRequest\src\test\resources
2022-04-19 11:53:31,898 [Worker-104: Building] INFO  o.e.m.c.i.embedder.EclipseLogger - Using 'UTF-8' encoding to copy filtered resources.
2022-04-19 11:53:31,898 [Worker-104: Building] INFO  o.e.m.c.i.embedder.EclipseLogger - skip non existing resourceDirectory D:\Evosys\BTR\TECH9BTR\BusinessTripRequest\src\main\resources
2022-04-19 11:53:31,900 [Worker-104: Building] INFO  o.e.m.c.i.embedder.EclipseLogger - Using 'UTF-8' encoding to copy filtered resources.
2022-04-19 11:53:31,900 [Worker-104: Building] INFO  o.e.m.c.i.embedder.EclipseLogger - skip non existing resourceDirectory D:\Evosys\BTR\TECH9BTR\BusinessTripRequest\src\test\resources
2022-04-19 11:53:37,173 [Worker-105: Building] INFO  o.e.m.c.i.embedder.EclipseLogger - Using 'UTF-8' encoding to copy filtered resources.
2022-04-19 11:53:37,173 [Worker-105: Building] INFO  o.e.m.c.i.embedder.EclipseLogger - skip non existing resourceDirectory D:\Evosys\BTR\TECH9BTR\BusinessTripRequest\src\main\resources
2022-04-19 11:53:37,174 [Worker-105: Building] INFO  o.e.m.c.i.embedder.EclipseLogger - Using 'UTF-8' encoding to copy filtered resources.
2022-04-19 11:53:37,175 [Worker-105: Building] INFO  o.e.m.c.i.embedder.EclipseLogger - skip non existing resourceDirectory D:\Evosys\BTR\TECH9BTR\BusinessTripRequest\src\test\resources
2022-04-19 12:00:54,286 [Worker-105: Building] INFO  o.e.m.c.i.embedder.EclipseLogger - Using 'UTF-8' encoding to copy filtered resources.
2022-04-19 12:00:54,287 [Worker-105: Building] INFO  o.e.m.c.i.embedder.EclipseLogger - skip non existing resourceDirectory D:\Evosys\BTR\TECH9BTR\BusinessTripRequest\src\main\resources
2022-04-19 12:00:54,288 [Worker-105: Building] INFO  o.e.m.c.i.embedder.EclipseLogger - Using 'UTF-8' encoding to copy filtered resources.
2022-04-19 12:00:54,288 [Worker-105: Building] INFO  o.e.m.c.i.embedder.EclipseLogger - skip non existing resourceDirectory D:\Evosys\BTR\TECH9BTR\BusinessTripRequest\src\test\resources
2022-04-19 12:01:22,864 [Worker-107: Building] INFO  o.e.m.c.i.embedder.EclipseLogger - Using 'UTF-8' encoding to copy filtered resources.
2022-04-19 12:01:22,865 [Worker-107: Building] INFO  o.e.m.c.i.embedder.EclipseLogger - skip non existing resourceDirectory D:\Evosys\BTR\TECH9BTR\BusinessTripRequest\src\main\resources
2022-04-19 12:01:22,866 [Worker-107: Building] INFO  o.e.m.c.i.embedder.EclipseLogger - Using 'UTF-8' encoding to copy filtered resources.
2022-04-19 12:01:22,866 [Worker-107: Building] INFO  o.e.m.c.i.embedder.EclipseLogger - skip non existing resourceDirectory D:\Evosys\BTR\TECH9BTR\BusinessTripRequest\src\test\resources
2022-04-19 12:06:42,504 [Worker-110: Building] INFO  o.e.m.c.i.embedder.EclipseLogger - Using 'UTF-8' encoding to copy filtered resources.
2022-04-19 12:06:42,504 [Worker-110: Building] INFO  o.e.m.c.i.embedder.EclipseLogger - skip non existing resourceDirectory D:\Evosys\BTR\TECH9BTR\BusinessTripRequest\src\main\resources
2022-04-19 12:06:42,505 [Worker-110: Building] INFO  o.e.m.c.i.embedder.EclipseLogger - Using 'UTF-8' encoding to copy filtered resources.
2022-04-19 12:06:42,505 [Worker-110: Building] INFO  o.e.m.c.i.embedder.EclipseLogger - skip non existing resourceDirectory D:\Evosys\BTR\TECH9BTR\BusinessTripRequest\src\test\resources
2022-04-19 12:08:38,119 [Worker-111: Building] INFO  o.e.m.c.i.embedder.EclipseLogger - Using 'UTF-8' encoding to copy filtered resources.
2022-04-19 12:08:38,119 [Worker-111: Building] INFO  o.e.m.c.i.embedder.EclipseLogger - skip non existing resourceDirectory D:\Evosys\BTR\TECH9BTR\BusinessTripRequest\src\main\resources
2022-04-19 12:08:38,120 [Worker-111: Building] INFO  o.e.m.c.i.embedder.EclipseLogger - Using 'UTF-8' encoding to copy filtered resources.
2022-04-19 12:08:38,120 [Worker-111: Building] INFO  o.e.m.c.i.embedder.EclipseLogger - skip non existing resourceDirectory D:\Evosys\BTR\TECH9BTR\BusinessTripRequest\src\test\resources
2022-04-19 12:08:58,385 [Worker-105: Building] INFO  o.e.m.c.i.embedder.EclipseLogger - Using 'UTF-8' encoding to copy filtered resources.
2022-04-19 12:08:58,386 [Worker-105: Building] INFO  o.e.m.c.i.embedder.EclipseLogger - skip non existing resourceDirectory D:\Evosys\BTR\TECH9BTR\BusinessTripRequest\src\main\resources
2022-04-19 12:08:58,389 [Worker-105: Building] INFO  o.e.m.c.i.embedder.EclipseLogger - Using 'UTF-8' encoding to copy filtered resources.
2022-04-19 12:08:58,389 [Worker-105: Building] INFO  o.e.m.c.i.embedder.EclipseLogger - skip non existing resourceDirectory D:\Evosys\BTR\TECH9BTR\BusinessTripRequest\src\test\resources
2022-04-19 12:10:29,279 [Worker-109: Building] INFO  o.e.m.c.i.embedder.EclipseLogger - Using 'UTF-8' encoding to copy filtered resources.
2022-04-19 12:10:29,279 [Worker-109: Building] INFO  o.e.m.c.i.embedder.EclipseLogger - skip non existing resourceDirectory D:\Evosys\BTR\TECH9BTR\BusinessTripRequest\src\main\resources
2022-04-19 12:10:29,281 [Worker-109: Building] INFO  o.e.m.c.i.embedder.EclipseLogger - Using 'UTF-8' encoding to copy filtered resources.
2022-04-19 12:10:29,281 [Worker-109: Building] INFO  o.e.m.c.i.embedder.EclipseLogger - skip non existing resourceDirectory D:\Evosys\BTR\TECH9BTR\BusinessTripRequest\src\test\resources
2022-04-19 12:10:40,170 [Worker-109: Building] INFO  o.e.m.c.i.embedder.EclipseLogger - Using 'UTF-8' encoding to copy filtered resources.
2022-04-19 12:10:40,170 [Worker-109: Building] INFO  o.e.m.c.i.embedder.EclipseLogger - skip non existing resourceDirectory D:\Evosys\BTR\TECH9BTR\BusinessTripRequest\src\main\resources
2022-04-19 12:10:40,171 [Worker-109: Building] INFO  o.e.m.c.i.embedder.EclipseLogger - Using 'UTF-8' encoding to copy filtered resources.
2022-04-19 12:10:40,171 [Worker-109: Building] INFO  o.e.m.c.i.embedder.EclipseLogger - skip non existing resourceDirectory D:\Evosys\BTR\TECH9BTR\BusinessTripRequest\src\test\resources
2022-04-19 12:10:44,901 [Worker-113: Building] INFO  o.e.m.c.i.embedder.EclipseLogger - Using 'UTF-8' encoding to copy filtered resources.
2022-04-19 12:10:44,901 [Worker-113: Building] INFO  o.e.m.c.i.embedder.EclipseLogger - skip non existing resourceDirectory D:\Evosys\BTR\TECH9BTR\BusinessTripRequest\src\main\resources
2022-04-19 12:10:44,902 [Worker-113: Building] INFO  o.e.m.c.i.embedder.EclipseLogger - Using 'UTF-8' encoding to copy filtered resources.
2022-04-19 12:10:44,903 [Worker-113: Building] INFO  o.e.m.c.i.embedder.EclipseLogger - skip non existing resourceDirectory D:\Evosys\BTR\TECH9BTR\BusinessTripRequest\src\test\resources
2022-04-19 12:10:55,854 [Worker-105: Building] INFO  o.e.m.c.i.embedder.EclipseLogger - Using 'UTF-8' encoding to copy filtered resources.
2022-04-19 12:10:55,854 [Worker-105: Building] INFO  o.e.m.c.i.embedder.EclipseLogger - skip non existing resourceDirectory D:\Evosys\BTR\TECH9BTR\BusinessTripRequest\src\main\resources
2022-04-19 12:10:55,855 [Worker-105: Building] INFO  o.e.m.c.i.embedder.EclipseLogger - Using 'UTF-8' encoding to copy filtered resources.
2022-04-19 12:10:55,855 [Worker-105: Building] INFO  o.e.m.c.i.embedder.EclipseLogger - skip non existing resourceDirectory D:\Evosys\BTR\TECH9BTR\BusinessTripRequest\src\test\resources
2022-04-19 12:11:02,492 [Worker-111: Building] INFO  o.e.m.c.i.embedder.EclipseLogger - Using 'UTF-8' encoding to copy filtered resources.
2022-04-19 12:11:02,492 [Worker-111: Building] INFO  o.e.m.c.i.embedder.EclipseLogger - skip non existing resourceDirectory D:\Evosys\BTR\TECH9BTR\BusinessTripRequest\src\main\resources
2022-04-19 12:11:02,493 [Worker-111: Building] INFO  o.e.m.c.i.embedder.EclipseLogger - Using 'UTF-8' encoding to copy filtered resources.
2022-04-19 12:11:02,493 [Worker-111: Building] INFO  o.e.m.c.i.embedder.EclipseLogger - skip non existing resourceDirectory D:\Evosys\BTR\TECH9BTR\BusinessTripRequest\src\test\resources
2022-04-19 12:11:35,406 [Worker-113: Building] INFO  o.e.m.c.i.embedder.EclipseLogger - Using 'UTF-8' encoding to copy filtered resources.
2022-04-19 12:11:35,406 [Worker-113: Building] INFO  o.e.m.c.i.embedder.EclipseLogger - skip non existing resourceDirectory D:\Evosys\BTR\TECH9BTR\BusinessTripRequest\src\main\resources
2022-04-19 12:11:35,407 [Worker-113: Building] INFO  o.e.m.c.i.embedder.EclipseLogger - Using 'UTF-8' encoding to copy filtered resources.
2022-04-19 12:11:35,408 [Worker-113: Building] INFO  o.e.m.c.i.embedder.EclipseLogger - skip non existing resourceDirectory D:\Evosys\BTR\TECH9BTR\BusinessTripRequest\src\test\resources
2022-04-19 12:12:45,677 [Worker-113: Building] INFO  o.e.m.c.i.embedder.EclipseLogger - Using 'UTF-8' encoding to copy filtered resources.
2022-04-19 12:12:45,677 [Worker-113: Building] INFO  o.e.m.c.i.embedder.EclipseLogger - skip non existing resourceDirectory D:\Evosys\BTR\TECH9BTR\BusinessTripRequest\src\main\resources
2022-04-19 12:12:45,678 [Worker-113: Building] INFO  o.e.m.c.i.embedder.EclipseLogger - Using 'UTF-8' encoding to copy filtered resources.
2022-04-19 12:12:45,678 [Worker-113: Building] INFO  o.e.m.c.i.embedder.EclipseLogger - skip non existing resourceDirectory D:\Evosys\BTR\TECH9BTR\BusinessTripRequest\src\test\resources
2022-04-19 12:13:12,880 [Worker-112: Building] INFO  o.e.m.c.i.embedder.EclipseLogger - Using 'UTF-8' encoding to copy filtered resources.
2022-04-19 12:13:12,880 [Worker-112: Building] INFO  o.e.m.c.i.embedder.EclipseLogger - skip non existing resourceDirectory D:\Evosys\BTR\TECH9BTR\BusinessTripRequest\src\main\resources
2022-04-19 12:13:12,881 [Worker-112: Building] INFO  o.e.m.c.i.embedder.EclipseLogger - Using 'UTF-8' encoding to copy filtered resources.
2022-04-19 12:13:12,882 [Worker-112: Building] INFO  o.e.m.c.i.embedder.EclipseLogger - skip non existing resourceDirectory D:\Evosys\BTR\TECH9BTR\BusinessTripRequest\src\test\resources
2022-04-19 12:17:32,248 [Worker-115: Building] INFO  o.e.m.c.i.embedder.EclipseLogger - Using 'UTF-8' encoding to copy filtered resources.
2022-04-19 12:17:32,250 [Worker-115: Building] INFO  o.e.m.c.i.embedder.EclipseLogger - skip non existing resourceDirectory D:\Evosys\BTR\TECH9BTR\BusinessTripRequest\src\main\resources
2022-04-19 12:17:32,252 [Worker-115: Building] INFO  o.e.m.c.i.embedder.EclipseLogger - Using 'UTF-8' encoding to copy filtered resources.
2022-04-19 12:17:32,253 [Worker-115: Building] INFO  o.e.m.c.i.embedder.EclipseLogger - skip non existing resourceDirectory D:\Evosys\BTR\TECH9BTR\BusinessTripRequest\src\test\resources
2022-04-19 12:17:55,123 [Worker-105: Building] INFO  o.e.m.c.i.embedder.EclipseLogger - Using 'UTF-8' encoding to copy filtered resources.
2022-04-19 12:17:55,123 [Worker-105: Building] INFO  o.e.m.c.i.embedder.EclipseLogger - skip non existing resourceDirectory D:\Evosys\BTR\TECH9BTR\BusinessTripRequest\src\main\resources
2022-04-19 12:17:55,123 [Worker-105: Building] INFO  o.e.m.c.i.embedder.EclipseLogger - Using 'UTF-8' encoding to copy filtered resources.
2022-04-19 12:17:55,123 [Worker-105: Building] INFO  o.e.m.c.i.embedder.EclipseLogger - skip non existing resourceDirectory D:\Evosys\BTR\TECH9BTR\BusinessTripRequest\src\test\resources
2022-04-19 12:18:27,071 [Worker-115: Building] INFO  o.e.m.c.i.embedder.EclipseLogger - Using 'UTF-8' encoding to copy filtered resources.
2022-04-19 12:18:27,071 [Worker-115: Building] INFO  o.e.m.c.i.embedder.EclipseLogger - skip non existing resourceDirectory D:\Evosys\BTR\TECH9BTR\BusinessTripRequest\src\main\resources
2022-04-19 12:18:27,073 [Worker-115: Building] INFO  o.e.m.c.i.embedder.EclipseLogger - Using 'UTF-8' encoding to copy filtered resources.
2022-04-19 12:18:27,073 [Worker-115: Building] INFO  o.e.m.c.i.embedder.EclipseLogger - skip non existing resourceDirectory D:\Evosys\BTR\TECH9BTR\BusinessTripRequest\src\test\resources
2022-04-19 12:18:48,821 [Worker-117: Building] INFO  o.e.m.c.i.embedder.EclipseLogger - Using 'UTF-8' encoding to copy filtered resources.
2022-04-19 12:18:48,821 [Worker-117: Building] INFO  o.e.m.c.i.embedder.EclipseLogger - skip non existing resourceDirectory D:\Evosys\BTR\TECH9BTR\BusinessTripRequest\src\main\resources
2022-04-19 12:18:48,823 [Worker-117: Building] INFO  o.e.m.c.i.embedder.EclipseLogger - Using 'UTF-8' encoding to copy filtered resources.
2022-04-19 12:18:48,823 [Worker-117: Building] INFO  o.e.m.c.i.embedder.EclipseLogger - skip non existing resourceDirectory D:\Evosys\BTR\TECH9BTR\BusinessTripRequest\src\test\resources
2022-04-19 12:19:35,621 [Worker-111: Building] INFO  o.e.m.c.i.embedder.EclipseLogger - Using 'UTF-8' encoding to copy filtered resources.
2022-04-19 12:19:35,622 [Worker-111: Building] INFO  o.e.m.c.i.embedder.EclipseLogger - skip non existing resourceDirectory D:\Evosys\BTR\TECH9BTR\BusinessTripRequest\src\main\resources
2022-04-19 12:19:35,624 [Worker-111: Building] INFO  o.e.m.c.i.embedder.EclipseLogger - Using 'UTF-8' encoding to copy filtered resources.
2022-04-19 12:19:35,624 [Worker-111: Building] INFO  o.e.m.c.i.embedder.EclipseLogger - skip non existing resourceDirectory D:\Evosys\BTR\TECH9BTR\BusinessTripRequest\src\test\resources
2022-04-19 12:20:00,225 [Worker-117: Building] INFO  o.e.m.c.i.embedder.EclipseLogger - Using 'UTF-8' encoding to copy filtered resources.
2022-04-19 12:20:00,225 [Worker-117: Building] INFO  o.e.m.c.i.embedder.EclipseLogger - skip non existing resourceDirectory D:\Evosys\BTR\TECH9BTR\BusinessTripRequest\src\main\resources
2022-04-19 12:20:00,226 [Worker-117: Building] INFO  o.e.m.c.i.embedder.EclipseLogger - Using 'UTF-8' encoding to copy filtered resources.
2022-04-19 12:20:00,226 [Worker-117: Building] INFO  o.e.m.c.i.embedder.EclipseLogger - skip non existing resourceDirectory D:\Evosys\BTR\TECH9BTR\BusinessTripRequest\src\test\resources
2022-04-19 12:20:59,062 [Worker-116: Building] INFO  o.e.m.c.i.embedder.EclipseLogger - Using 'UTF-8' encoding to copy filtered resources.
2022-04-19 12:20:59,062 [Worker-116: Building] INFO  o.e.m.c.i.embedder.EclipseLogger - skip non existing resourceDirectory D:\Evosys\BTR\TECH9BTR\BusinessTripRequest\src\main\resources
2022-04-19 12:20:59,064 [Worker-116: Building] INFO  o.e.m.c.i.embedder.EclipseLogger - Using 'UTF-8' encoding to copy filtered resources.
2022-04-19 12:20:59,064 [Worker-116: Building] INFO  o.e.m.c.i.embedder.EclipseLogger - skip non existing resourceDirectory D:\Evosys\BTR\TECH9BTR\BusinessTripRequest\src\test\resources
2022-04-19 12:21:17,576 [Worker-117: Building] INFO  o.e.m.c.i.embedder.EclipseLogger - Using 'UTF-8' encoding to copy filtered resources.
2022-04-19 12:21:17,576 [Worker-117: Building] INFO  o.e.m.c.i.embedder.EclipseLogger - skip non existing resourceDirectory D:\Evosys\BTR\TECH9BTR\BusinessTripRequest\src\main\resources
2022-04-19 12:21:17,578 [Worker-117: Building] INFO  o.e.m.c.i.embedder.EclipseLogger - Using 'UTF-8' encoding to copy filtered resources.
2022-04-19 12:21:17,578 [Worker-117: Building] INFO  o.e.m.c.i.embedder.EclipseLogger - skip non existing resourceDirectory D:\Evosys\BTR\TECH9BTR\BusinessTripRequest\src\test\resources
2022-04-19 12:23:04,741 [Worker-117: Building] INFO  o.e.m.c.i.embedder.EclipseLogger - Using 'UTF-8' encoding to copy filtered resources.
2022-04-19 12:23:04,742 [Worker-117: Building] INFO  o.e.m.c.i.embedder.EclipseLogger - skip non existing resourceDirectory D:\Evosys\BTR\TECH9BTR\BusinessTripRequest\src\main\resources
2022-04-19 12:23:04,743 [Worker-117: Building] INFO  o.e.m.c.i.embedder.EclipseLogger - Using 'UTF-8' encoding to copy filtered resources.
2022-04-19 12:23:04,743 [Worker-117: Building] INFO  o.e.m.c.i.embedder.EclipseLogger - skip non existing resourceDirectory D:\Evosys\BTR\TECH9BTR\BusinessTripRequest\src\test\resources
2022-04-19 12:25:24,155 [Worker-105: Building] INFO  o.e.m.c.i.embedder.EclipseLogger - Using 'UTF-8' encoding to copy filtered resources.
2022-04-19 12:25:24,155 [Worker-105: Building] INFO  o.e.m.c.i.embedder.EclipseLogger - skip non existing resourceDirectory D:\Evosys\BTR\TECH9BTR\BusinessTripRequest\src\main\resources
2022-04-19 12:25:24,156 [Worker-105: Building] INFO  o.e.m.c.i.embedder.EclipseLogger - Using 'UTF-8' encoding to copy filtered resources.
2022-04-19 12:25:24,156 [Worker-105: Building] INFO  o.e.m.c.i.embedder.EclipseLogger - skip non existing resourceDirectory D:\Evosys\BTR\TECH9BTR\BusinessTripRequest\src\test\resources
2022-04-19 12:26:21,241 [Worker-115: Building] INFO  o.e.m.c.i.embedder.EclipseLogger - Using 'UTF-8' encoding to copy filtered resources.
2022-04-19 12:26:21,241 [Worker-115: Building] INFO  o.e.m.c.i.embedder.EclipseLogger - skip non existing resourceDirectory D:\Evosys\BTR\TECH9BTR\BusinessTripRequest\src\main\resources
2022-04-19 12:26:21,242 [Worker-115: Building] INFO  o.e.m.c.i.embedder.EclipseLogger - Using 'UTF-8' encoding to copy filtered resources.
2022-04-19 12:26:21,242 [Worker-115: Building] INFO  o.e.m.c.i.embedder.EclipseLogger - skip non existing resourceDirectory D:\Evosys\BTR\TECH9BTR\BusinessTripRequest\src\test\resources
2022-04-19 12:27:09,171 [Worker-116: Building] INFO  o.e.m.c.i.embedder.EclipseLogger - Using 'UTF-8' encoding to copy filtered resources.
2022-04-19 12:27:09,172 [Worker-116: Building] INFO  o.e.m.c.i.embedder.EclipseLogger - skip non existing resourceDirectory D:\Evosys\BTR\TECH9BTR\BusinessTripRequest\src\main\resources
2022-04-19 12:27:09,173 [Worker-116: Building] INFO  o.e.m.c.i.embedder.EclipseLogger - Using 'UTF-8' encoding to copy filtered resources.
2022-04-19 12:27:09,173 [Worker-116: Building] INFO  o.e.m.c.i.embedder.EclipseLogger - skip non existing resourceDirectory D:\Evosys\BTR\TECH9BTR\BusinessTripRequest\src\test\resources
2022-04-19 12:29:44,403 [Worker-111: Building] INFO  o.e.m.c.i.embedder.EclipseLogger - Using 'UTF-8' encoding to copy filtered resources.
2022-04-19 12:29:44,403 [Worker-111: Building] INFO  o.e.m.c.i.embedder.EclipseLogger - skip non existing resourceDirectory D:\Evosys\BTR\TECH9BTR\BusinessTripRequest\src\main\resources
2022-04-19 12:29:44,405 [Worker-111: Building] INFO  o.e.m.c.i.embedder.EclipseLogger - Using 'UTF-8' encoding to copy filtered resources.
2022-04-19 12:29:44,405 [Worker-111: Building] INFO  o.e.m.c.i.embedder.EclipseLogger - skip non existing resourceDirectory D:\Evosys\BTR\TECH9BTR\BusinessTripRequest\src\test\resources
